{"C:\\Users\\joshu\\OneDrive\\Documents\\SNHU 2957496\\PortfolioProjects\\TowingProject\\backend\\src\\routes\\garageRoutes.js": {"path":"C:\\Users\\joshu\\OneDrive\\Documents\\SNHU 2957496\\PortfolioProjects\\TowingProject\\backend\\src\\routes\\garageRoutes.js","statementMap":{"0":{"start":{"line":1,"column":16},"end":{"line":1,"column":34}},"1":{"start":{"line":2,"column":15},"end":{"line":2,"column":31}},"2":{"start":{"line":3,"column":17},"end":{"line":3,"column":51}},"3":{"start":{"line":4,"column":25},"end":{"line":4,"column":66}},"4":{"start":{"line":5,"column":18},"end":{"line":5,"column":48}},"5":{"start":{"line":8,"column":2},"end":{"line":8,"column":44}},"6":{"start":{"line":12,"column":0},"end":{"line":44,"column":3}},"7":{"start":{"line":13,"column":2},"end":{"line":43,"column":3}},"8":{"start":{"line":14,"column":51},"end":{"line":18,"column":15}},"9":{"start":{"line":20,"column":4},"end":{"line":22,"column":5}},"10":{"start":{"line":21,"column":6},"end":{"line":21,"column":66}},"11":{"start":{"line":24,"column":4},"end":{"line":26,"column":5}},"12":{"start":{"line":25,"column":6},"end":{"line":25,"column":84}},"13":{"start":{"line":28,"column":36},"end":{"line":32,"column":48}},"14":{"start":{"line":34,"column":4},"end":{"line":37,"column":5}},"15":{"start":{"line":35,"column":6},"end":{"line":35,"column":53}},"16":{"start":{"line":36,"column":6},"end":{"line":36,"column":71}},"17":{"start":{"line":39,"column":4},"end":{"line":39,"column":21}},"18":{"start":{"line":41,"column":4},"end":{"line":41,"column":46}},"19":{"start":{"line":42,"column":4},"end":{"line":42,"column":61}},"20":{"start":{"line":46,"column":0},"end":{"line":132,"column":3}},"21":{"start":{"line":47,"column":2},"end":{"line":131,"column":3}},"22":{"start":{"line":48,"column":16},"end":{"line":48,"column":43}},"23":{"start":{"line":50,"column":4},"end":{"line":52,"column":5}},"24":{"start":{"line":51,"column":6},"end":{"line":51,"column":64}},"25":{"start":{"line":54,"column":4},"end":{"line":56,"column":5}},"26":{"start":{"line":55,"column":6},"end":{"line":55,"column":67}},"27":{"start":{"line":58,"column":19},"end":{"line":58,"column":30}},"28":{"start":{"line":60,"column":51},"end":{"line":64,"column":15}},"29":{"start":{"line":66,"column":4},"end":{"line":68,"column":5}},"30":{"start":{"line":67,"column":6},"end":{"line":67,"column":66}},"31":{"start":{"line":71,"column":4},"end":{"line":75,"column":5}},"32":{"start":{"line":72,"column":6},"end":{"line":74,"column":9}},"33":{"start":{"line":78,"column":34},"end":{"line":82,"column":21}},"34":{"start":{"line":84,"column":4},"end":{"line":86,"column":5}},"35":{"start":{"line":85,"column":6},"end":{"line":85,"column":77}},"36":{"start":{"line":88,"column":20},"end":{"line":88,"column":40}},"37":{"start":{"line":90,"column":4},"end":{"line":92,"column":5}},"38":{"start":{"line":91,"column":6},"end":{"line":91,"column":66}},"39":{"start":{"line":94,"column":55},"end":{"line":97,"column":28}},"40":{"start":{"line":99,"column":4},"end":{"line":101,"column":5}},"41":{"start":{"line":100,"column":6},"end":{"line":100,"column":77}},"42":{"start":{"line":103,"column":4},"end":{"line":107,"column":5}},"43":{"start":{"line":104,"column":6},"end":{"line":106,"column":9}},"44":{"start":{"line":110,"column":48},"end":{"line":121,"column":15}},"45":{"start":{"line":123,"column":4},"end":{"line":125,"column":5}},"46":{"start":{"line":124,"column":6},"end":{"line":124,"column":66}},"47":{"start":{"line":127,"column":4},"end":{"line":127,"column":48}},"48":{"start":{"line":129,"column":4},"end":{"line":129,"column":44}},"49":{"start":{"line":130,"column":4},"end":{"line":130,"column":61}},"50":{"start":{"line":134,"column":0},"end":{"line":200,"column":3}},"51":{"start":{"line":135,"column":24},"end":{"line":135,"column":32}},"52":{"start":{"line":137,"column":2},"end":{"line":139,"column":3}},"53":{"start":{"line":138,"column":4},"end":{"line":138,"column":69}},"54":{"start":{"line":141,"column":2},"end":{"line":199,"column":3}},"55":{"start":{"line":142,"column":51},"end":{"line":146,"column":15}},"56":{"start":{"line":148,"column":4},"end":{"line":150,"column":5}},"57":{"start":{"line":149,"column":6},"end":{"line":149,"column":66}},"58":{"start":{"line":152,"column":4},"end":{"line":154,"column":5}},"59":{"start":{"line":153,"column":6},"end":{"line":153,"column":84}},"60":{"start":{"line":157,"column":51},"end":{"line":162,"column":15}},"61":{"start":{"line":164,"column":4},"end":{"line":166,"column":5}},"62":{"start":{"line":165,"column":6},"end":{"line":165,"column":66}},"63":{"start":{"line":169,"column":4},"end":{"line":182,"column":5}},"64":{"start":{"line":170,"column":57},"end":{"line":173,"column":35}},"65":{"start":{"line":175,"column":6},"end":{"line":177,"column":7}},"66":{"start":{"line":176,"column":8},"end":{"line":176,"column":73}},"67":{"start":{"line":179,"column":6},"end":{"line":181,"column":7}},"68":{"start":{"line":180,"column":8},"end":{"line":180,"column":94}},"69":{"start":{"line":184,"column":22},"end":{"line":188,"column":33}},"70":{"start":{"line":190,"column":4},"end":{"line":193,"column":5}},"71":{"start":{"line":191,"column":6},"end":{"line":191,"column":54}},"72":{"start":{"line":192,"column":6},"end":{"line":192,"column":73}},"73":{"start":{"line":195,"column":4},"end":{"line":195,"column":32}},"74":{"start":{"line":197,"column":4},"end":{"line":197,"column":48}},"75":{"start":{"line":198,"column":4},"end":{"line":198,"column":61}},"76":{"start":{"line":202,"column":0},"end":{"line":202,"column":24}}},"fnMap":{"0":{"name":"isValidVin","decl":{"start":{"line":7,"column":9},"end":{"line":7,"column":19}},"loc":{"start":{"line":7,"column":25},"end":{"line":9,"column":1}},"line":7},"1":{"name":"(anonymous_1)","decl":{"start":{"line":12,"column":34},"end":{"line":12,"column":35}},"loc":{"start":{"line":12,"column":54},"end":{"line":44,"column":1}},"line":12},"2":{"name":"(anonymous_2)","decl":{"start":{"line":46,"column":38},"end":{"line":46,"column":39}},"loc":{"start":{"line":46,"column":58},"end":{"line":132,"column":1}},"line":46},"3":{"name":"(anonymous_3)","decl":{"start":{"line":134,"column":41},"end":{"line":134,"column":42}},"loc":{"start":{"line":134,"column":61},"end":{"line":200,"column":1}},"line":134}},"branchMap":{"0":{"loc":{"start":{"line":20,"column":4},"end":{"line":22,"column":5}},"type":"if","locations":[{"start":{"line":20,"column":4},"end":{"line":22,"column":5}},{"start":{},"end":{}}],"line":20},"1":{"loc":{"start":{"line":20,"column":8},"end":{"line":20,"column":32}},"type":"binary-expr","locations":[{"start":{"line":20,"column":8},"end":{"line":20,"column":20}},{"start":{"line":20,"column":24},"end":{"line":20,"column":32}}],"line":20},"2":{"loc":{"start":{"line":24,"column":4},"end":{"line":26,"column":5}},"type":"if","locations":[{"start":{"line":24,"column":4},"end":{"line":26,"column":5}},{"start":{},"end":{}}],"line":24},"3":{"loc":{"start":{"line":34,"column":4},"end":{"line":37,"column":5}},"type":"if","locations":[{"start":{"line":34,"column":4},"end":{"line":37,"column":5}},{"start":{},"end":{}}],"line":34},"4":{"loc":{"start":{"line":50,"column":4},"end":{"line":52,"column":5}},"type":"if","locations":[{"start":{"line":50,"column":4},"end":{"line":52,"column":5}},{"start":{},"end":{}}],"line":50},"5":{"loc":{"start":{"line":54,"column":4},"end":{"line":56,"column":5}},"type":"if","locations":[{"start":{"line":54,"column":4},"end":{"line":56,"column":5}},{"start":{},"end":{}}],"line":54},"6":{"loc":{"start":{"line":66,"column":4},"end":{"line":68,"column":5}},"type":"if","locations":[{"start":{"line":66,"column":4},"end":{"line":68,"column":5}},{"start":{},"end":{}}],"line":66},"7":{"loc":{"start":{"line":66,"column":8},"end":{"line":66,"column":32}},"type":"binary-expr","locations":[{"start":{"line":66,"column":8},"end":{"line":66,"column":20}},{"start":{"line":66,"column":24},"end":{"line":66,"column":32}}],"line":66},"8":{"loc":{"start":{"line":71,"column":4},"end":{"line":75,"column":5}},"type":"if","locations":[{"start":{"line":71,"column":4},"end":{"line":75,"column":5}},{"start":{},"end":{}}],"line":71},"9":{"loc":{"start":{"line":84,"column":4},"end":{"line":86,"column":5}},"type":"if","locations":[{"start":{"line":84,"column":4},"end":{"line":86,"column":5}},{"start":{},"end":{}}],"line":84},"10":{"loc":{"start":{"line":84,"column":8},"end":{"line":84,"column":45}},"type":"binary-expr","locations":[{"start":{"line":84,"column":8},"end":{"line":84,"column":19}},{"start":{"line":84,"column":23},"end":{"line":84,"column":45}}],"line":84},"11":{"loc":{"start":{"line":90,"column":4},"end":{"line":92,"column":5}},"type":"if","locations":[{"start":{"line":90,"column":4},"end":{"line":92,"column":5}},{"start":{},"end":{}}],"line":90},"12":{"loc":{"start":{"line":90,"column":8},"end":{"line":90,"column":68}},"type":"binary-expr","locations":[{"start":{"line":90,"column":8},"end":{"line":90,"column":16}},{"start":{"line":90,"column":20},"end":{"line":90,"column":33}},{"start":{"line":90,"column":37},"end":{"line":90,"column":50}},{"start":{"line":90,"column":54},"end":{"line":90,"column":68}}],"line":90},"13":{"loc":{"start":{"line":99,"column":4},"end":{"line":101,"column":5}},"type":"if","locations":[{"start":{"line":99,"column":4},"end":{"line":101,"column":5}},{"start":{},"end":{}}],"line":99},"14":{"loc":{"start":{"line":103,"column":4},"end":{"line":107,"column":5}},"type":"if","locations":[{"start":{"line":103,"column":4},"end":{"line":107,"column":5}},{"start":{},"end":{}}],"line":103},"15":{"loc":{"start":{"line":103,"column":8},"end":{"line":103,"column":76}},"type":"binary-expr","locations":[{"start":{"line":103,"column":8},"end":{"line":103,"column":36}},{"start":{"line":103,"column":40},"end":{"line":103,"column":76}}],"line":103},"16":{"loc":{"start":{"line":118,"column":14},"end":{"line":118,"column":36}},"type":"binary-expr","locations":[{"start":{"line":118,"column":14},"end":{"line":118,"column":28}},{"start":{"line":118,"column":32},"end":{"line":118,"column":36}}],"line":118},"17":{"loc":{"start":{"line":123,"column":4},"end":{"line":125,"column":5}},"type":"if","locations":[{"start":{"line":123,"column":4},"end":{"line":125,"column":5}},{"start":{},"end":{}}],"line":123},"18":{"loc":{"start":{"line":137,"column":2},"end":{"line":139,"column":3}},"type":"if","locations":[{"start":{"line":137,"column":2},"end":{"line":139,"column":3}},{"start":{},"end":{}}],"line":137},"19":{"loc":{"start":{"line":148,"column":4},"end":{"line":150,"column":5}},"type":"if","locations":[{"start":{"line":148,"column":4},"end":{"line":150,"column":5}},{"start":{},"end":{}}],"line":148},"20":{"loc":{"start":{"line":148,"column":8},"end":{"line":148,"column":32}},"type":"binary-expr","locations":[{"start":{"line":148,"column":8},"end":{"line":148,"column":20}},{"start":{"line":148,"column":24},"end":{"line":148,"column":32}}],"line":148},"21":{"loc":{"start":{"line":152,"column":4},"end":{"line":154,"column":5}},"type":"if","locations":[{"start":{"line":152,"column":4},"end":{"line":154,"column":5}},{"start":{},"end":{}}],"line":152},"22":{"loc":{"start":{"line":164,"column":4},"end":{"line":166,"column":5}},"type":"if","locations":[{"start":{"line":164,"column":4},"end":{"line":166,"column":5}},{"start":{},"end":{}}],"line":164},"23":{"loc":{"start":{"line":164,"column":8},"end":{"line":164,"column":32}},"type":"binary-expr","locations":[{"start":{"line":164,"column":8},"end":{"line":164,"column":20}},{"start":{"line":164,"column":24},"end":{"line":164,"column":32}}],"line":164},"24":{"loc":{"start":{"line":169,"column":4},"end":{"line":182,"column":5}},"type":"if","locations":[{"start":{"line":169,"column":4},"end":{"line":182,"column":5}},{"start":{},"end":{}}],"line":169},"25":{"loc":{"start":{"line":175,"column":6},"end":{"line":177,"column":7}},"type":"if","locations":[{"start":{"line":175,"column":6},"end":{"line":177,"column":7}},{"start":{},"end":{}}],"line":175},"26":{"loc":{"start":{"line":179,"column":6},"end":{"line":181,"column":7}},"type":"if","locations":[{"start":{"line":179,"column":6},"end":{"line":181,"column":7}},{"start":{},"end":{}}],"line":179},"27":{"loc":{"start":{"line":179,"column":11},"end":{"line":179,"column":27}},"type":"binary-expr","locations":[{"start":{"line":179,"column":11},"end":{"line":179,"column":22}},{"start":{"line":179,"column":26},"end":{"line":179,"column":27}}],"line":179},"28":{"loc":{"start":{"line":190,"column":4},"end":{"line":193,"column":5}},"type":"if","locations":[{"start":{"line":190,"column":4},"end":{"line":193,"column":5}},{"start":{},"end":{}}],"line":190}},"s":{"0":0,"1":0,"2":0,"3":0,"4":0,"5":0,"6":0,"7":0,"8":0,"9":0,"10":0,"11":0,"12":0,"13":0,"14":0,"15":0,"16":0,"17":0,"18":0,"19":0,"20":0,"21":0,"22":0,"23":0,"24":0,"25":0,"26":0,"27":0,"28":0,"29":0,"30":0,"31":0,"32":0,"33":0,"34":0,"35":0,"36":0,"37":0,"38":0,"39":0,"40":0,"41":0,"42":0,"43":0,"44":0,"45":0,"46":0,"47":0,"48":0,"49":0,"50":0,"51":0,"52":0,"53":0,"54":0,"55":0,"56":0,"57":0,"58":0,"59":0,"60":0,"61":0,"62":0,"63":0,"64":0,"65":0,"66":0,"67":0,"68":0,"69":0,"70":0,"71":0,"72":0,"73":0,"74":0,"75":0,"76":0},"f":{"0":0,"1":0,"2":0,"3":0},"b":{"0":[0,0],"1":[0,0],"2":[0,0],"3":[0,0],"4":[0,0],"5":[0,0],"6":[0,0],"7":[0,0],"8":[0,0],"9":[0,0],"10":[0,0],"11":[0,0],"12":[0,0,0,0],"13":[0,0],"14":[0,0],"15":[0,0],"16":[0,0],"17":[0,0],"18":[0,0],"19":[0,0],"20":[0,0],"21":[0,0],"22":[0,0],"23":[0,0],"24":[0,0],"25":[0,0],"26":[0,0],"27":[0,0],"28":[0,0]}}
,"C:\\Users\\joshu\\OneDrive\\Documents\\SNHU 2957496\\PortfolioProjects\\TowingProject\\backend\\src\\routes\\towingRoutes.js": {"path":"C:\\Users\\joshu\\OneDrive\\Documents\\SNHU 2957496\\PortfolioProjects\\TowingProject\\backend\\src\\routes\\towingRoutes.js","statementMap":{"0":{"start":{"line":1,"column":16},"end":{"line":1,"column":34}},"1":{"start":{"line":2,"column":15},"end":{"line":2,"column":31}},"2":{"start":{"line":3,"column":17},"end":{"line":3,"column":51}},"3":{"start":{"line":5,"column":18},"end":{"line":5,"column":48}},"4":{"start":{"line":6,"column":20},"end":{"line":6,"column":51}},"5":{"start":{"line":7,"column":28},"end":{"line":7,"column":67}},"6":{"start":{"line":8,"column":23},"end":{"line":8,"column":57}},"7":{"start":{"line":9,"column":33},"end":{"line":9,"column":69}},"8":{"start":{"line":10,"column":22},"end":{"line":10,"column":55}},"9":{"start":{"line":11,"column":24},"end":{"line":11,"column":59}},"10":{"start":{"line":16,"column":25},"end":{"line":40,"column":1}},"11":{"start":{"line":17,"column":21},"end":{"line":17,"column":46}},"12":{"start":{"line":18,"column":2},"end":{"line":22,"column":3}},"13":{"start":{"line":20,"column":4},"end":{"line":20,"column":20}},"14":{"start":{"line":21,"column":4},"end":{"line":21,"column":18}},"15":{"start":{"line":24,"column":16},"end":{"line":24,"column":39}},"16":{"start":{"line":25,"column":2},"end":{"line":39,"column":3}},"17":{"start":{"line":29,"column":8},"end":{"line":29,"column":42}},"18":{"start":{"line":30,"column":4},"end":{"line":34,"column":5}},"19":{"start":{"line":31,"column":6},"end":{"line":31,"column":22}},"20":{"start":{"line":33,"column":6},"end":{"line":33,"column":22}},"21":{"start":{"line":35,"column":4},"end":{"line":35,"column":11}},"22":{"start":{"line":37,"column":4},"end":{"line":37,"column":20}},"23":{"start":{"line":38,"column":4},"end":{"line":38,"column":11}},"24":{"start":{"line":47,"column":2},"end":{"line":47,"column":44}},"25":{"start":{"line":56,"column":0},"end":{"line":142,"column":3}},"26":{"start":{"line":57,"column":14},"end":{"line":57,"column":43}},"27":{"start":{"line":58,"column":20},"end":{"line":58,"column":59}},"28":{"start":{"line":60,"column":2},"end":{"line":60,"column":57}},"29":{"start":{"line":63,"column":2},"end":{"line":68,"column":3}},"30":{"start":{"line":64,"column":4},"end":{"line":67,"column":7}},"31":{"start":{"line":70,"column":2},"end":{"line":141,"column":3}},"32":{"start":{"line":71,"column":20},"end":{"line":71,"column":40}},"33":{"start":{"line":72,"column":4},"end":{"line":72,"column":52}},"34":{"start":{"line":74,"column":4},"end":{"line":76,"column":5}},"35":{"start":{"line":75,"column":6},"end":{"line":75,"column":69}},"36":{"start":{"line":79,"column":4},"end":{"line":84,"column":5}},"37":{"start":{"line":80,"column":6},"end":{"line":83,"column":9}},"38":{"start":{"line":86,"column":18},"end":{"line":86,"column":38}},"39":{"start":{"line":87,"column":4},"end":{"line":92,"column":5}},"40":{"start":{"line":88,"column":6},"end":{"line":91,"column":9}},"41":{"start":{"line":94,"column":23},"end":{"line":94,"column":49}},"42":{"start":{"line":97,"column":24},"end":{"line":101,"column":6}},"43":{"start":{"line":104,"column":20},"end":{"line":104,"column":52}},"44":{"start":{"line":106,"column":4},"end":{"line":111,"column":5}},"45":{"start":{"line":107,"column":6},"end":{"line":110,"column":9}},"46":{"start":{"line":113,"column":4},"end":{"line":113,"column":66}},"47":{"start":{"line":116,"column":4},"end":{"line":127,"column":5}},"48":{"start":{"line":117,"column":22},"end":{"line":117,"column":50}},"49":{"start":{"line":118,"column":22},"end":{"line":118,"column":45}},"50":{"start":{"line":120,"column":6},"end":{"line":126,"column":9}},"51":{"start":{"line":130,"column":4},"end":{"line":134,"column":7}},"52":{"start":{"line":136,"column":4},"end":{"line":136,"column":56}},"53":{"start":{"line":137,"column":4},"end":{"line":140,"column":7}},"54":{"start":{"line":147,"column":0},"end":{"line":233,"column":3}},"55":{"start":{"line":148,"column":27},"end":{"line":148,"column":35}},"56":{"start":{"line":149,"column":20},"end":{"line":149,"column":59}},"57":{"start":{"line":151,"column":2},"end":{"line":151,"column":66}},"58":{"start":{"line":154,"column":2},"end":{"line":156,"column":3}},"59":{"start":{"line":155,"column":4},"end":{"line":155,"column":69}},"60":{"start":{"line":159,"column":2},"end":{"line":161,"column":3}},"61":{"start":{"line":160,"column":4},"end":{"line":160,"column":145}},"62":{"start":{"line":163,"column":2},"end":{"line":165,"column":3}},"63":{"start":{"line":164,"column":4},"end":{"line":164,"column":65}},"64":{"start":{"line":167,"column":2},"end":{"line":232,"column":3}},"65":{"start":{"line":168,"column":20},"end":{"line":168,"column":40}},"66":{"start":{"line":170,"column":18},"end":{"line":170,"column":38}},"67":{"start":{"line":171,"column":4},"end":{"line":173,"column":5}},"68":{"start":{"line":172,"column":6},"end":{"line":172,"column":71}},"69":{"start":{"line":175,"column":23},"end":{"line":175,"column":49}},"70":{"start":{"line":177,"column":20},"end":{"line":177,"column":52}},"71":{"start":{"line":179,"column":4},"end":{"line":185,"column":5}},"72":{"start":{"line":180,"column":6},"end":{"line":184,"column":9}},"73":{"start":{"line":187,"column":4},"end":{"line":187,"column":69}},"74":{"start":{"line":190,"column":21},"end":{"line":205,"column":6}},"75":{"start":{"line":191,"column":6},"end":{"line":204,"column":9}},"76":{"start":{"line":193,"column":8},"end":{"line":195,"column":9}},"77":{"start":{"line":194,"column":10},"end":{"line":194,"column":22}},"78":{"start":{"line":198,"column":8},"end":{"line":198,"column":40}},"79":{"start":{"line":198,"column":27},"end":{"line":198,"column":40}},"80":{"start":{"line":200,"column":29},"end":{"line":200,"column":70}},"81":{"start":{"line":201,"column":28},"end":{"line":201,"column":62}},"82":{"start":{"line":203,"column":8},"end":{"line":203,"column":50}},"83":{"start":{"line":207,"column":4},"end":{"line":207,"column":73}},"84":{"start":{"line":209,"column":4},"end":{"line":215,"column":5}},"85":{"start":{"line":210,"column":6},"end":{"line":214,"column":9}},"86":{"start":{"line":218,"column":20},"end":{"line":218,"column":44}},"87":{"start":{"line":219,"column":24},"end":{"line":219,"column":62}},"88":{"start":{"line":221,"column":4},"end":{"line":225,"column":7}},"89":{"start":{"line":227,"column":4},"end":{"line":227,"column":63}},"90":{"start":{"line":228,"column":4},"end":{"line":231,"column":7}},"91":{"start":{"line":235,"column":0},"end":{"line":235,"column":24}}},"fnMap":{"0":{"name":"(anonymous_0)","decl":{"start":{"line":16,"column":25},"end":{"line":16,"column":26}},"loc":{"start":{"line":16,"column":51},"end":{"line":40,"column":1}},"line":16},"1":{"name":"isValidVin","decl":{"start":{"line":45,"column":9},"end":{"line":45,"column":19}},"loc":{"start":{"line":45,"column":25},"end":{"line":48,"column":1}},"line":45},"2":{"name":"(anonymous_2)","decl":{"start":{"line":56,"column":38},"end":{"line":56,"column":39}},"loc":{"start":{"line":56,"column":58},"end":{"line":142,"column":1}},"line":56},"3":{"name":"(anonymous_3)","decl":{"start":{"line":147,"column":41},"end":{"line":147,"column":42}},"loc":{"start":{"line":147,"column":61},"end":{"line":233,"column":1}},"line":147},"4":{"name":"(anonymous_4)","decl":{"start":{"line":190,"column":36},"end":{"line":190,"column":37}},"loc":{"start":{"line":190,"column":47},"end":{"line":205,"column":5}},"line":190},"5":{"name":"(anonymous_5)","decl":{"start":{"line":191,"column":43},"end":{"line":191,"column":44}},"loc":{"start":{"line":191,"column":63},"end":{"line":204,"column":7}},"line":191}},"branchMap":{"0":{"loc":{"start":{"line":18,"column":2},"end":{"line":22,"column":3}},"type":"if","locations":[{"start":{"line":18,"column":2},"end":{"line":22,"column":3}},{"start":{},"end":{}}],"line":18},"1":{"loc":{"start":{"line":18,"column":6},"end":{"line":18,"column":54}},"type":"binary-expr","locations":[{"start":{"line":18,"column":6},"end":{"line":18,"column":17}},{"start":{"line":18,"column":21},"end":{"line":18,"column":54}}],"line":18},"2":{"loc":{"start":{"line":30,"column":4},"end":{"line":34,"column":5}},"type":"if","locations":[{"start":{"line":30,"column":4},"end":{"line":34,"column":5}},{"start":{"line":32,"column":11},"end":{"line":34,"column":5}}],"line":30},"3":{"loc":{"start":{"line":30,"column":8},"end":{"line":30,"column":22}},"type":"binary-expr","locations":[{"start":{"line":30,"column":8},"end":{"line":30,"column":13}},{"start":{"line":30,"column":17},"end":{"line":30,"column":22}}],"line":30},"4":{"loc":{"start":{"line":63,"column":2},"end":{"line":68,"column":3}},"type":"if","locations":[{"start":{"line":63,"column":2},"end":{"line":68,"column":3}},{"start":{},"end":{}}],"line":63},"5":{"loc":{"start":{"line":74,"column":4},"end":{"line":76,"column":5}},"type":"if","locations":[{"start":{"line":74,"column":4},"end":{"line":76,"column":5}},{"start":{},"end":{}}],"line":74},"6":{"loc":{"start":{"line":79,"column":4},"end":{"line":84,"column":5}},"type":"if","locations":[{"start":{"line":79,"column":4},"end":{"line":84,"column":5}},{"start":{},"end":{}}],"line":79},"7":{"loc":{"start":{"line":79,"column":8},"end":{"line":79,"column":56}},"type":"binary-expr","locations":[{"start":{"line":79,"column":8},"end":{"line":79,"column":21}},{"start":{"line":79,"column":25},"end":{"line":79,"column":38}},{"start":{"line":79,"column":42},"end":{"line":79,"column":56}}],"line":79},"8":{"loc":{"start":{"line":87,"column":4},"end":{"line":92,"column":5}},"type":"if","locations":[{"start":{"line":87,"column":4},"end":{"line":92,"column":5}},{"start":{},"end":{}}],"line":87},"9":{"loc":{"start":{"line":106,"column":4},"end":{"line":111,"column":5}},"type":"if","locations":[{"start":{"line":106,"column":4},"end":{"line":111,"column":5}},{"start":{},"end":{}}],"line":106},"10":{"loc":{"start":{"line":106,"column":8},"end":{"line":106,"column":40}},"type":"binary-expr","locations":[{"start":{"line":106,"column":8},"end":{"line":106,"column":16}},{"start":{"line":106,"column":20},"end":{"line":106,"column":40}}],"line":106},"11":{"loc":{"start":{"line":116,"column":4},"end":{"line":127,"column":5}},"type":"if","locations":[{"start":{"line":116,"column":4},"end":{"line":127,"column":5}},{"start":{},"end":{}}],"line":116},"12":{"loc":{"start":{"line":139,"column":15},"end":{"line":139,"column":81}},"type":"cond-expr","locations":[{"start":{"line":139,"column":56},"end":{"line":139,"column":69}},{"start":{"line":139,"column":72},"end":{"line":139,"column":81}}],"line":139},"13":{"loc":{"start":{"line":154,"column":2},"end":{"line":156,"column":3}},"type":"if","locations":[{"start":{"line":154,"column":2},"end":{"line":156,"column":3}},{"start":{},"end":{}}],"line":154},"14":{"loc":{"start":{"line":154,"column":6},"end":{"line":154,"column":22}},"type":"binary-expr","locations":[{"start":{"line":154,"column":6},"end":{"line":154,"column":10}},{"start":{"line":154,"column":14},"end":{"line":154,"column":22}}],"line":154},"15":{"loc":{"start":{"line":159,"column":2},"end":{"line":161,"column":3}},"type":"if","locations":[{"start":{"line":159,"column":2},"end":{"line":161,"column":3}},{"start":{},"end":{}}],"line":159},"16":{"loc":{"start":{"line":159,"column":6},"end":{"line":159,"column":59}},"type":"binary-expr","locations":[{"start":{"line":159,"column":6},"end":{"line":159,"column":33}},{"start":{"line":159,"column":37},"end":{"line":159,"column":59}}],"line":159},"17":{"loc":{"start":{"line":163,"column":2},"end":{"line":165,"column":3}},"type":"if","locations":[{"start":{"line":163,"column":2},"end":{"line":165,"column":3}},{"start":{},"end":{}}],"line":163},"18":{"loc":{"start":{"line":171,"column":4},"end":{"line":173,"column":5}},"type":"if","locations":[{"start":{"line":171,"column":4},"end":{"line":173,"column":5}},{"start":{},"end":{}}],"line":171},"19":{"loc":{"start":{"line":179,"column":4},"end":{"line":185,"column":5}},"type":"if","locations":[{"start":{"line":179,"column":4},"end":{"line":185,"column":5}},{"start":{},"end":{}}],"line":179},"20":{"loc":{"start":{"line":179,"column":8},"end":{"line":179,"column":40}},"type":"binary-expr","locations":[{"start":{"line":179,"column":8},"end":{"line":179,"column":16}},{"start":{"line":179,"column":20},"end":{"line":179,"column":40}}],"line":179},"21":{"loc":{"start":{"line":193,"column":8},"end":{"line":195,"column":9}},"type":"if","locations":[{"start":{"line":193,"column":8},"end":{"line":195,"column":9}},{"start":{},"end":{}}],"line":193},"22":{"loc":{"start":{"line":193,"column":12},"end":{"line":193,"column":93}},"type":"binary-expr","locations":[{"start":{"line":193,"column":12},"end":{"line":193,"column":36}},{"start":{"line":193,"column":40},"end":{"line":193,"column":52}},{"start":{"line":193,"column":56},"end":{"line":193,"column":70}},{"start":{"line":193,"column":74},"end":{"line":193,"column":93}}],"line":193},"23":{"loc":{"start":{"line":198,"column":8},"end":{"line":198,"column":40}},"type":"if","locations":[{"start":{"line":198,"column":8},"end":{"line":198,"column":40}},{"start":{},"end":{}}],"line":198},"24":{"loc":{"start":{"line":209,"column":4},"end":{"line":215,"column":5}},"type":"if","locations":[{"start":{"line":209,"column":4},"end":{"line":215,"column":5}},{"start":{},"end":{}}],"line":209},"25":{"loc":{"start":{"line":209,"column":8},"end":{"line":209,"column":42}},"type":"binary-expr","locations":[{"start":{"line":209,"column":8},"end":{"line":209,"column":17}},{"start":{"line":209,"column":21},"end":{"line":209,"column":42}}],"line":209},"26":{"loc":{"start":{"line":230,"column":15},"end":{"line":230,"column":81}},"type":"cond-expr","locations":[{"start":{"line":230,"column":56},"end":{"line":230,"column":69}},{"start":{"line":230,"column":72},"end":{"line":230,"column":81}}],"line":230}},"s":{"0":0,"1":0,"2":0,"3":0,"4":0,"5":0,"6":0,"7":0,"8":0,"9":0,"10":0,"11":0,"12":0,"13":0,"14":0,"15":0,"16":0,"17":0,"18":0,"19":0,"20":0,"21":0,"22":0,"23":0,"24":0,"25":0,"26":0,"27":0,"28":0,"29":0,"30":0,"31":0,"32":0,"33":0,"34":0,"35":0,"36":0,"37":0,"38":0,"39":0,"40":0,"41":0,"42":0,"43":0,"44":0,"45":0,"46":0,"47":0,"48":0,"49":0,"50":0,"51":0,"52":0,"53":0,"54":0,"55":0,"56":0,"57":0,"58":0,"59":0,"60":0,"61":0,"62":0,"63":0,"64":0,"65":0,"66":0,"67":0,"68":0,"69":0,"70":0,"71":0,"72":0,"73":0,"74":0,"75":0,"76":0,"77":0,"78":0,"79":0,"80":0,"81":0,"82":0,"83":0,"84":0,"85":0,"86":0,"87":0,"88":0,"89":0,"90":0,"91":0},"f":{"0":0,"1":0,"2":0,"3":0,"4":0,"5":0},"b":{"0":[0,0],"1":[0,0],"2":[0,0],"3":[0,0],"4":[0,0],"5":[0,0],"6":[0,0],"7":[0,0,0],"8":[0,0],"9":[0,0],"10":[0,0],"11":[0,0],"12":[0,0],"13":[0,0],"14":[0,0],"15":[0,0],"16":[0,0],"17":[0,0],"18":[0,0],"19":[0,0],"20":[0,0],"21":[0,0],"22":[0,0,0,0],"23":[0,0],"24":[0,0],"25":[0,0],"26":[0,0]}}
,"C:\\Users\\joshu\\OneDrive\\Documents\\SNHU 2957496\\PortfolioProjects\\TowingProject\\backend\\src\\routes\\userRoutes.js": {"path":"C:\\Users\\joshu\\OneDrive\\Documents\\SNHU 2957496\\PortfolioProjects\\TowingProject\\backend\\src\\routes\\userRoutes.js","statementMap":{"0":{"start":{"line":1,"column":16},"end":{"line":1,"column":34}},"1":{"start":{"line":2,"column":15},"end":{"line":2,"column":31}},"2":{"start":{"line":3,"column":17},"end":{"line":3,"column":51}},"3":{"start":{"line":4,"column":25},"end":{"line":4,"column":66}},"4":{"start":{"line":5,"column":23},"end":{"line":9,"column":1}},"5":{"start":{"line":12,"column":0},"end":{"line":45,"column":3}},"6":{"start":{"line":13,"column":2},"end":{"line":44,"column":3}},"7":{"start":{"line":14,"column":37},"end":{"line":18,"column":20}},"8":{"start":{"line":20,"column":4},"end":{"line":23,"column":5}},"9":{"start":{"line":21,"column":6},"end":{"line":21,"column":54}},"10":{"start":{"line":22,"column":6},"end":{"line":22,"column":72}},"11":{"start":{"line":25,"column":4},"end":{"line":38,"column":5}},"12":{"start":{"line":26,"column":59},"end":{"line":30,"column":17}},"13":{"start":{"line":32,"column":6},"end":{"line":35,"column":7}},"14":{"start":{"line":33,"column":8},"end":{"line":33,"column":70}},"15":{"start":{"line":34,"column":8},"end":{"line":34,"column":75}},"16":{"start":{"line":37,"column":6},"end":{"line":37,"column":38}},"17":{"start":{"line":40,"column":4},"end":{"line":40,"column":22}},"18":{"start":{"line":42,"column":4},"end":{"line":42,"column":47}},"19":{"start":{"line":43,"column":4},"end":{"line":43,"column":61}},"20":{"start":{"line":48,"column":0},"end":{"line":92,"column":3}},"21":{"start":{"line":49,"column":19},"end":{"line":49,"column":27}},"22":{"start":{"line":51,"column":2},"end":{"line":53,"column":3}},"23":{"start":{"line":52,"column":4},"end":{"line":52,"column":59}},"24":{"start":{"line":55,"column":2},"end":{"line":91,"column":3}},"25":{"start":{"line":56,"column":22},"end":{"line":56,"column":26}},"26":{"start":{"line":57,"column":32},"end":{"line":57,"column":37}},"27":{"start":{"line":59,"column":4},"end":{"line":68,"column":5}},"28":{"start":{"line":60,"column":6},"end":{"line":60,"column":22}},"29":{"start":{"line":61,"column":6},"end":{"line":61,"column":36}},"30":{"start":{"line":62,"column":11},"end":{"line":68,"column":5}},"31":{"start":{"line":63,"column":6},"end":{"line":63,"column":25}},"32":{"start":{"line":64,"column":6},"end":{"line":64,"column":35}},"33":{"start":{"line":65,"column":11},"end":{"line":68,"column":5}},"34":{"start":{"line":66,"column":6},"end":{"line":66,"column":25}},"35":{"start":{"line":67,"column":6},"end":{"line":67,"column":35}},"36":{"start":{"line":70,"column":37},"end":{"line":80,"column":15}},"37":{"start":{"line":82,"column":4},"end":{"line":85,"column":5}},"38":{"start":{"line":83,"column":6},"end":{"line":83,"column":51}},"39":{"start":{"line":84,"column":6},"end":{"line":84,"column":70}},"40":{"start":{"line":87,"column":4},"end":{"line":87,"column":22}},"41":{"start":{"line":89,"column":4},"end":{"line":89,"column":45}},"42":{"start":{"line":90,"column":4},"end":{"line":90,"column":61}},"43":{"start":{"line":94,"column":0},"end":{"line":94,"column":24}}},"fnMap":{"0":{"name":"(anonymous_0)","decl":{"start":{"line":12,"column":41},"end":{"line":12,"column":42}},"loc":{"start":{"line":12,"column":61},"end":{"line":45,"column":1}},"line":12},"1":{"name":"(anonymous_1)","decl":{"start":{"line":48,"column":46},"end":{"line":48,"column":47}},"loc":{"start":{"line":48,"column":66},"end":{"line":92,"column":1}},"line":48}},"branchMap":{"0":{"loc":{"start":{"line":20,"column":4},"end":{"line":23,"column":5}},"type":"if","locations":[{"start":{"line":20,"column":4},"end":{"line":23,"column":5}},{"start":{},"end":{}}],"line":20},"1":{"loc":{"start":{"line":25,"column":4},"end":{"line":38,"column":5}},"type":"if","locations":[{"start":{"line":25,"column":4},"end":{"line":38,"column":5}},{"start":{},"end":{}}],"line":25},"2":{"loc":{"start":{"line":32,"column":6},"end":{"line":35,"column":7}},"type":"if","locations":[{"start":{"line":32,"column":6},"end":{"line":35,"column":7}},{"start":{},"end":{}}],"line":32},"3":{"loc":{"start":{"line":51,"column":2},"end":{"line":53,"column":3}},"type":"if","locations":[{"start":{"line":51,"column":2},"end":{"line":53,"column":3}},{"start":{},"end":{}}],"line":51},"4":{"loc":{"start":{"line":59,"column":4},"end":{"line":68,"column":5}},"type":"if","locations":[{"start":{"line":59,"column":4},"end":{"line":68,"column":5}},{"start":{"line":62,"column":11},"end":{"line":68,"column":5}}],"line":59},"5":{"loc":{"start":{"line":62,"column":11},"end":{"line":68,"column":5}},"type":"if","locations":[{"start":{"line":62,"column":11},"end":{"line":68,"column":5}},{"start":{"line":65,"column":11},"end":{"line":68,"column":5}}],"line":62},"6":{"loc":{"start":{"line":65,"column":11},"end":{"line":68,"column":5}},"type":"if","locations":[{"start":{"line":65,"column":11},"end":{"line":68,"column":5}},{"start":{},"end":{}}],"line":65},"7":{"loc":{"start":{"line":82,"column":4},"end":{"line":85,"column":5}},"type":"if","locations":[{"start":{"line":82,"column":4},"end":{"line":85,"column":5}},{"start":{},"end":{}}],"line":82}},"s":{"0":0,"1":0,"2":0,"3":0,"4":0,"5":0,"6":0,"7":0,"8":0,"9":0,"10":0,"11":0,"12":0,"13":0,"14":0,"15":0,"16":0,"17":0,"18":0,"19":0,"20":0,"21":0,"22":0,"23":0,"24":0,"25":0,"26":0,"27":0,"28":0,"29":0,"30":0,"31":0,"32":0,"33":0,"34":0,"35":0,"36":0,"37":0,"38":0,"39":0,"40":0,"41":0,"42":0,"43":0},"f":{"0":0,"1":0},"b":{"0":[0,0],"1":[0,0],"2":[0,0],"3":[0,0],"4":[0,0],"5":[0,0],"6":[0,0],"7":[0,0]}}
,"C:\\Users\\joshu\\OneDrive\\Documents\\SNHU 2957496\\PortfolioProjects\\TowingProject\\backend\\src\\towData\\towPackageRules\\chevrolet.js": {"path":"C:\\Users\\joshu\\OneDrive\\Documents\\SNHU 2957496\\PortfolioProjects\\TowingProject\\backend\\src\\towData\\towPackageRules\\chevrolet.js","statementMap":{"0":{"start":{"line":1,"column":23},"end":{"line":140,"column":1}},"1":{"start":{"line":3,"column":24},"end":{"line":22,"column":5}},"2":{"start":{"line":25,"column":4},"end":{"line":32,"column":5}},"3":{"start":{"line":26,"column":6},"end":{"line":31,"column":8}},"4":{"start":{"line":34,"column":4},"end":{"line":37,"column":6}},"5":{"start":{"line":40,"column":33},"end":{"line":57,"column":3}},"6":{"start":{"line":59,"column":33},"end":{"line":76,"column":3}},"7":{"start":{"line":81,"column":4},"end":{"line":81,"column":50}},"8":{"start":{"line":85,"column":23},"end":{"line":102,"column":3}},"9":{"start":{"line":105,"column":20},"end":{"line":121,"column":3}},"10":{"start":{"line":123,"column":23},"end":{"line":139,"column":3}},"11":{"start":{"line":142,"column":0},"end":{"line":142,"column":32}}},"fnMap":{"0":{"name":"(anonymous_0)","decl":{"start":{"line":2,"column":20},"end":{"line":2,"column":21}},"loc":{"start":{"line":2,"column":30},"end":{"line":38,"column":3}},"line":2},"1":{"name":"(anonymous_1)","decl":{"start":{"line":40,"column":22},"end":{"line":40,"column":23}},"loc":{"start":{"line":40,"column":33},"end":{"line":57,"column":3}},"line":40},"2":{"name":"(anonymous_2)","decl":{"start":{"line":59,"column":22},"end":{"line":59,"column":23}},"loc":{"start":{"line":59,"column":33},"end":{"line":76,"column":3}},"line":59},"3":{"name":"(anonymous_3)","decl":{"start":{"line":79,"column":13},"end":{"line":79,"column":14}},"loc":{"start":{"line":79,"column":23},"end":{"line":82,"column":3}},"line":79},"4":{"name":"(anonymous_4)","decl":{"start":{"line":85,"column":12},"end":{"line":85,"column":13}},"loc":{"start":{"line":85,"column":23},"end":{"line":102,"column":3}},"line":85},"5":{"name":"(anonymous_5)","decl":{"start":{"line":105,"column":9},"end":{"line":105,"column":10}},"loc":{"start":{"line":105,"column":20},"end":{"line":121,"column":3}},"line":105},"6":{"name":"(anonymous_6)","decl":{"start":{"line":123,"column":12},"end":{"line":123,"column":13}},"loc":{"start":{"line":123,"column":23},"end":{"line":139,"column":3}},"line":123}},"branchMap":{"0":{"loc":{"start":{"line":25,"column":4},"end":{"line":32,"column":5}},"type":"if","locations":[{"start":{"line":25,"column":4},"end":{"line":32,"column":5}},{"start":{},"end":{}}],"line":25}},"s":{"0":0,"1":0,"2":0,"3":0,"4":0,"5":0,"6":0,"7":0,"8":0,"9":0,"10":0,"11":0},"f":{"0":0,"1":0,"2":0,"3":0,"4":0,"5":0,"6":0},"b":{"0":[0,0]}}
,"C:\\Users\\joshu\\OneDrive\\Documents\\SNHU 2957496\\PortfolioProjects\\TowingProject\\backend\\src\\towData\\towPackageRules\\ford.js": {"path":"C:\\Users\\joshu\\OneDrive\\Documents\\SNHU 2957496\\PortfolioProjects\\TowingProject\\backend\\src\\towData\\towPackageRules\\ford.js","statementMap":{"0":{"start":{"line":3,"column":18},"end":{"line":81,"column":1}},"1":{"start":{"line":4,"column":22},"end":{"line":26,"column":3}},"2":{"start":{"line":28,"column":22},"end":{"line":44,"column":3}},"3":{"start":{"line":46,"column":22},"end":{"line":62,"column":3}},"4":{"start":{"line":64,"column":22},"end":{"line":80,"column":3}},"5":{"start":{"line":83,"column":0},"end":{"line":83,"column":27}}},"fnMap":{"0":{"name":"(anonymous_0)","decl":{"start":{"line":4,"column":11},"end":{"line":4,"column":12}},"loc":{"start":{"line":4,"column":22},"end":{"line":26,"column":3}},"line":4},"1":{"name":"(anonymous_1)","decl":{"start":{"line":28,"column":11},"end":{"line":28,"column":12}},"loc":{"start":{"line":28,"column":22},"end":{"line":44,"column":3}},"line":28},"2":{"name":"(anonymous_2)","decl":{"start":{"line":46,"column":11},"end":{"line":46,"column":12}},"loc":{"start":{"line":46,"column":22},"end":{"line":62,"column":3}},"line":46},"3":{"name":"(anonymous_3)","decl":{"start":{"line":64,"column":11},"end":{"line":64,"column":12}},"loc":{"start":{"line":64,"column":22},"end":{"line":80,"column":3}},"line":64}},"branchMap":{},"s":{"0":0,"1":0,"2":0,"3":0,"4":0,"5":0},"f":{"0":0,"1":0,"2":0,"3":0},"b":{}}
,"C:\\Users\\joshu\\OneDrive\\Documents\\SNHU 2957496\\PortfolioProjects\\TowingProject\\backend\\src\\towData\\towPackageRules\\gmc.js": {"path":"C:\\Users\\joshu\\OneDrive\\Documents\\SNHU 2957496\\PortfolioProjects\\TowingProject\\backend\\src\\towData\\towPackageRules\\gmc.js","statementMap":{"0":{"start":{"line":3,"column":17},"end":{"line":81,"column":1}},"1":{"start":{"line":4,"column":28},"end":{"line":26,"column":3}},"2":{"start":{"line":28,"column":30},"end":{"line":44,"column":3}},"3":{"start":{"line":46,"column":30},"end":{"line":62,"column":3}},"4":{"start":{"line":64,"column":20},"end":{"line":80,"column":3}},"5":{"start":{"line":83,"column":0},"end":{"line":83,"column":26}}},"fnMap":{"0":{"name":"(anonymous_0)","decl":{"start":{"line":4,"column":17},"end":{"line":4,"column":18}},"loc":{"start":{"line":4,"column":28},"end":{"line":26,"column":3}},"line":4},"1":{"name":"(anonymous_1)","decl":{"start":{"line":28,"column":19},"end":{"line":28,"column":20}},"loc":{"start":{"line":28,"column":30},"end":{"line":44,"column":3}},"line":28},"2":{"name":"(anonymous_2)","decl":{"start":{"line":46,"column":19},"end":{"line":46,"column":20}},"loc":{"start":{"line":46,"column":30},"end":{"line":62,"column":3}},"line":46},"3":{"name":"(anonymous_3)","decl":{"start":{"line":64,"column":9},"end":{"line":64,"column":10}},"loc":{"start":{"line":64,"column":20},"end":{"line":80,"column":3}},"line":64}},"branchMap":{},"s":{"0":0,"1":0,"2":0,"3":0,"4":0,"5":0},"f":{"0":0,"1":0,"2":0,"3":0},"b":{}}
,"C:\\Users\\joshu\\OneDrive\\Documents\\SNHU 2957496\\PortfolioProjects\\TowingProject\\backend\\src\\towData\\towPackageRules\\honda.js": {"path":"C:\\Users\\joshu\\OneDrive\\Documents\\SNHU 2957496\\PortfolioProjects\\TowingProject\\backend\\src\\towData\\towPackageRules\\honda.js","statementMap":{"0":{"start":{"line":3,"column":19},"end":{"line":21,"column":1}},"1":{"start":{"line":4,"column":24},"end":{"line":20,"column":3}},"2":{"start":{"line":23,"column":0},"end":{"line":23,"column":28}}},"fnMap":{"0":{"name":"(anonymous_0)","decl":{"start":{"line":4,"column":13},"end":{"line":4,"column":14}},"loc":{"start":{"line":4,"column":24},"end":{"line":20,"column":3}},"line":4}},"branchMap":{},"s":{"0":0,"1":0,"2":0},"f":{"0":0},"b":{}}
,"C:\\Users\\joshu\\OneDrive\\Documents\\SNHU 2957496\\PortfolioProjects\\TowingProject\\backend\\src\\towData\\towPackageRules\\index.js": {"path":"C:\\Users\\joshu\\OneDrive\\Documents\\SNHU 2957496\\PortfolioProjects\\TowingProject\\backend\\src\\towData\\towPackageRules\\index.js","statementMap":{"0":{"start":{"line":1,"column":18},"end":{"line":1,"column":43}},"1":{"start":{"line":2,"column":13},"end":{"line":2,"column":33}},"2":{"start":{"line":3,"column":12},"end":{"line":3,"column":31}},"3":{"start":{"line":4,"column":15},"end":{"line":4,"column":37}},"4":{"start":{"line":5,"column":12},"end":{"line":5,"column":31}},"5":{"start":{"line":6,"column":15},"end":{"line":6,"column":37}},"6":{"start":{"line":7,"column":14},"end":{"line":7,"column":35}},"7":{"start":{"line":8,"column":13},"end":{"line":8,"column":33}},"8":{"start":{"line":10,"column":24},"end":{"line":19,"column":1}},"9":{"start":{"line":21,"column":0},"end":{"line":21,"column":33}}},"fnMap":{},"branchMap":{},"s":{"0":0,"1":0,"2":0,"3":0,"4":0,"5":0,"6":0,"7":0,"8":0,"9":0},"f":{},"b":{}}
,"C:\\Users\\joshu\\OneDrive\\Documents\\SNHU 2957496\\PortfolioProjects\\TowingProject\\backend\\src\\towData\\towPackageRules\\jeep.js": {"path":"C:\\Users\\joshu\\OneDrive\\Documents\\SNHU 2957496\\PortfolioProjects\\TowingProject\\backend\\src\\towData\\towPackageRules\\jeep.js","statementMap":{"0":{"start":{"line":3,"column":18},"end":{"line":21,"column":1}},"1":{"start":{"line":4,"column":24},"end":{"line":20,"column":3}},"2":{"start":{"line":23,"column":0},"end":{"line":23,"column":27}}},"fnMap":{"0":{"name":"(anonymous_0)","decl":{"start":{"line":4,"column":13},"end":{"line":4,"column":14}},"loc":{"start":{"line":4,"column":24},"end":{"line":20,"column":3}},"line":4}},"branchMap":{},"s":{"0":0,"1":0,"2":0},"f":{"0":0},"b":{}}
,"C:\\Users\\joshu\\OneDrive\\Documents\\SNHU 2957496\\PortfolioProjects\\TowingProject\\backend\\src\\towData\\towPackageRules\\nissan.js": {"path":"C:\\Users\\joshu\\OneDrive\\Documents\\SNHU 2957496\\PortfolioProjects\\TowingProject\\backend\\src\\towData\\towPackageRules\\nissan.js","statementMap":{"0":{"start":{"line":3,"column":20},"end":{"line":39,"column":1}},"1":{"start":{"line":4,"column":23},"end":{"line":20,"column":3}},"2":{"start":{"line":22,"column":20},"end":{"line":38,"column":3}},"3":{"start":{"line":41,"column":0},"end":{"line":41,"column":29}}},"fnMap":{"0":{"name":"(anonymous_0)","decl":{"start":{"line":4,"column":12},"end":{"line":4,"column":13}},"loc":{"start":{"line":4,"column":23},"end":{"line":20,"column":3}},"line":4},"1":{"name":"(anonymous_1)","decl":{"start":{"line":22,"column":9},"end":{"line":22,"column":10}},"loc":{"start":{"line":22,"column":20},"end":{"line":38,"column":3}},"line":22}},"branchMap":{},"s":{"0":0,"1":0,"2":0,"3":0},"f":{"0":0,"1":0},"b":{}}
,"C:\\Users\\joshu\\OneDrive\\Documents\\SNHU 2957496\\PortfolioProjects\\TowingProject\\backend\\src\\towData\\towPackageRules\\ram.js": {"path":"C:\\Users\\joshu\\OneDrive\\Documents\\SNHU 2957496\\PortfolioProjects\\TowingProject\\backend\\src\\towData\\towPackageRules\\ram.js","statementMap":{"0":{"start":{"line":3,"column":17},"end":{"line":57,"column":1}},"1":{"start":{"line":4,"column":19},"end":{"line":20,"column":3}},"2":{"start":{"line":22,"column":19},"end":{"line":38,"column":3}},"3":{"start":{"line":40,"column":19},"end":{"line":56,"column":3}},"4":{"start":{"line":59,"column":0},"end":{"line":59,"column":26}}},"fnMap":{"0":{"name":"(anonymous_0)","decl":{"start":{"line":4,"column":8},"end":{"line":4,"column":9}},"loc":{"start":{"line":4,"column":19},"end":{"line":20,"column":3}},"line":4},"1":{"name":"(anonymous_1)","decl":{"start":{"line":22,"column":8},"end":{"line":22,"column":9}},"loc":{"start":{"line":22,"column":19},"end":{"line":38,"column":3}},"line":22},"2":{"name":"(anonymous_2)","decl":{"start":{"line":40,"column":8},"end":{"line":40,"column":9}},"loc":{"start":{"line":40,"column":19},"end":{"line":56,"column":3}},"line":40}},"branchMap":{},"s":{"0":0,"1":0,"2":0,"3":0,"4":0},"f":{"0":0,"1":0,"2":0},"b":{}}
,"C:\\Users\\joshu\\OneDrive\\Documents\\SNHU 2957496\\PortfolioProjects\\TowingProject\\backend\\src\\towData\\towPackageRules\\toyota.js": {"path":"C:\\Users\\joshu\\OneDrive\\Documents\\SNHU 2957496\\PortfolioProjects\\TowingProject\\backend\\src\\towData\\towPackageRules\\toyota.js","statementMap":{"0":{"start":{"line":3,"column":20},"end":{"line":39,"column":1}},"1":{"start":{"line":4,"column":21},"end":{"line":20,"column":3}},"2":{"start":{"line":22,"column":21},"end":{"line":38,"column":3}},"3":{"start":{"line":41,"column":0},"end":{"line":41,"column":29}}},"fnMap":{"0":{"name":"(anonymous_0)","decl":{"start":{"line":4,"column":10},"end":{"line":4,"column":11}},"loc":{"start":{"line":4,"column":21},"end":{"line":20,"column":3}},"line":4},"1":{"name":"(anonymous_1)","decl":{"start":{"line":22,"column":10},"end":{"line":22,"column":11}},"loc":{"start":{"line":22,"column":21},"end":{"line":38,"column":3}},"line":22}},"branchMap":{},"s":{"0":0,"1":0,"2":0,"3":0},"f":{"0":0,"1":0},"b":{}}
,"C:\\Users\\joshu\\OneDrive\\Documents\\SNHU 2957496\\PortfolioProjects\\TowingProject\\backend\\src\\utils\\detectMissingFields.js": {"path":"C:\\Users\\joshu\\OneDrive\\Documents\\SNHU 2957496\\PortfolioProjects\\TowingProject\\backend\\src\\utils\\detectMissingFields.js","statementMap":{"0":{"start":{"line":2,"column":23},"end":{"line":2,"column":57}},"1":{"start":{"line":3,"column":18},"end":{"line":3,"column":20}},"2":{"start":{"line":5,"column":2},"end":{"line":19,"column":5}},"3":{"start":{"line":7,"column":4},"end":{"line":9,"column":5}},"4":{"start":{"line":8,"column":6},"end":{"line":8,"column":13}},"5":{"start":{"line":11,"column":19},"end":{"line":13,"column":5}},"6":{"start":{"line":12,"column":25},"end":{"line":12,"column":33}},"7":{"start":{"line":12,"column":49},"end":{"line":12,"column":90}},"8":{"start":{"line":16,"column":4},"end":{"line":18,"column":5}},"9":{"start":{"line":17,"column":6},"end":{"line":17,"column":26}},"10":{"start":{"line":21,"column":2},"end":{"line":21,"column":17}},"11":{"start":{"line":24,"column":0},"end":{"line":24,"column":37}}},"fnMap":{"0":{"name":"detectMissingFields","decl":{"start":{"line":1,"column":9},"end":{"line":1,"column":28}},"loc":{"start":{"line":1,"column":52},"end":{"line":22,"column":1}},"line":1},"1":{"name":"(anonymous_1)","decl":{"start":{"line":5,"column":23},"end":{"line":5,"column":24}},"loc":{"start":{"line":5,"column":34},"end":{"line":19,"column":3}},"line":5},"2":{"name":"(anonymous_2)","decl":{"start":{"line":12,"column":18},"end":{"line":12,"column":19}},"loc":{"start":{"line":12,"column":25},"end":{"line":12,"column":33}},"line":12},"3":{"name":"(anonymous_3)","decl":{"start":{"line":12,"column":42},"end":{"line":12,"column":43}},"loc":{"start":{"line":12,"column":49},"end":{"line":12,"column":90}},"line":12}},"branchMap":{"0":{"loc":{"start":{"line":1,"column":38},"end":{"line":1,"column":50}},"type":"default-arg","locations":[{"start":{"line":1,"column":48},"end":{"line":1,"column":50}}],"line":1},"1":{"loc":{"start":{"line":7,"column":4},"end":{"line":9,"column":5}},"type":"if","locations":[{"start":{"line":7,"column":4},"end":{"line":9,"column":5}},{"start":{},"end":{}}],"line":7},"2":{"loc":{"start":{"line":12,"column":49},"end":{"line":12,"column":90}},"type":"binary-expr","locations":[{"start":{"line":12,"column":49},"end":{"line":12,"column":59}},{"start":{"line":12,"column":63},"end":{"line":12,"column":78}},{"start":{"line":12,"column":82},"end":{"line":12,"column":90}}],"line":12},"3":{"loc":{"start":{"line":16,"column":4},"end":{"line":18,"column":5}},"type":"if","locations":[{"start":{"line":16,"column":4},"end":{"line":18,"column":5}},{"start":{},"end":{}}],"line":16}},"s":{"0":0,"1":0,"2":0,"3":0,"4":0,"5":0,"6":0,"7":0,"8":0,"9":0,"10":0,"11":0},"f":{"0":0,"1":0,"2":0,"3":0},"b":{"0":[0],"1":[0,0],"2":[0,0,0],"3":[0,0]}}
,"C:\\Users\\joshu\\OneDrive\\Documents\\SNHU 2957496\\PortfolioProjects\\TowingProject\\backend\\src\\utils\\extractOptions.js": {"path":"C:\\Users\\joshu\\OneDrive\\Documents\\SNHU 2957496\\PortfolioProjects\\TowingProject\\backend\\src\\utils\\extractOptions.js","statementMap":{"0":{"start":{"line":3,"column":17},"end":{"line":3,"column":66}},"1":{"start":{"line":3,"column":26},"end":{"line":3,"column":66}},"2":{"start":{"line":5,"column":2},"end":{"line":13,"column":4}},"3":{"start":{"line":6,"column":41},"end":{"line":6,"column":52}},"4":{"start":{"line":7,"column":35},"end":{"line":7,"column":40}},"5":{"start":{"line":8,"column":39},"end":{"line":8,"column":48}},"6":{"start":{"line":9,"column":41},"end":{"line":9,"column":52}},"7":{"start":{"line":10,"column":38},"end":{"line":10,"column":46}},"8":{"start":{"line":11,"column":36},"end":{"line":11,"column":42}},"9":{"start":{"line":12,"column":42},"end":{"line":12,"column":54}},"10":{"start":{"line":16,"column":0},"end":{"line":16,"column":32}}},"fnMap":{"0":{"name":"extractOptions","decl":{"start":{"line":1,"column":9},"end":{"line":1,"column":23}},"loc":{"start":{"line":1,"column":33},"end":{"line":14,"column":1}},"line":1},"1":{"name":"(anonymous_1)","decl":{"start":{"line":3,"column":17},"end":{"line":3,"column":18}},"loc":{"start":{"line":3,"column":26},"end":{"line":3,"column":66}},"line":3},"2":{"name":"(anonymous_2)","decl":{"start":{"line":6,"column":34},"end":{"line":6,"column":35}},"loc":{"start":{"line":6,"column":41},"end":{"line":6,"column":52}},"line":6},"3":{"name":"(anonymous_3)","decl":{"start":{"line":7,"column":28},"end":{"line":7,"column":29}},"loc":{"start":{"line":7,"column":35},"end":{"line":7,"column":40}},"line":7},"4":{"name":"(anonymous_4)","decl":{"start":{"line":8,"column":32},"end":{"line":8,"column":33}},"loc":{"start":{"line":8,"column":39},"end":{"line":8,"column":48}},"line":8},"5":{"name":"(anonymous_5)","decl":{"start":{"line":9,"column":34},"end":{"line":9,"column":35}},"loc":{"start":{"line":9,"column":41},"end":{"line":9,"column":52}},"line":9},"6":{"name":"(anonymous_6)","decl":{"start":{"line":10,"column":31},"end":{"line":10,"column":32}},"loc":{"start":{"line":10,"column":38},"end":{"line":10,"column":46}},"line":10},"7":{"name":"(anonymous_7)","decl":{"start":{"line":11,"column":29},"end":{"line":11,"column":30}},"loc":{"start":{"line":11,"column":36},"end":{"line":11,"column":42}},"line":11},"8":{"name":"(anonymous_8)","decl":{"start":{"line":12,"column":35},"end":{"line":12,"column":36}},"loc":{"start":{"line":12,"column":42},"end":{"line":12,"column":54}},"line":12}},"branchMap":{},"s":{"0":0,"1":0,"2":0,"3":0,"4":0,"5":0,"6":0,"7":0,"8":0,"9":0,"10":0},"f":{"0":0,"1":0,"2":0,"3":0,"4":0,"5":0,"6":0,"7":0,"8":0},"b":{}}
,"C:\\Users\\joshu\\OneDrive\\Documents\\SNHU 2957496\\PortfolioProjects\\TowingProject\\backend\\src\\utils\\getBrandFromVin.js": {"path":"C:\\Users\\joshu\\OneDrive\\Documents\\SNHU 2957496\\PortfolioProjects\\TowingProject\\backend\\src\\utils\\getBrandFromVin.js","statementMap":{"0":{"start":{"line":2,"column":2},"end":{"line":2,"column":42}},"1":{"start":{"line":2,"column":30},"end":{"line":2,"column":42}},"2":{"start":{"line":4,"column":14},"end":{"line":4,"column":47}},"3":{"start":{"line":6,"column":14},"end":{"line":96,"column":3}},"4":{"start":{"line":98,"column":2},"end":{"line":98,"column":26}},"5":{"start":{"line":101,"column":0},"end":{"line":101,"column":33}}},"fnMap":{"0":{"name":"getBrandFromVin","decl":{"start":{"line":1,"column":9},"end":{"line":1,"column":24}},"loc":{"start":{"line":1,"column":30},"end":{"line":99,"column":1}},"line":1}},"branchMap":{"0":{"loc":{"start":{"line":2,"column":2},"end":{"line":2,"column":42}},"type":"if","locations":[{"start":{"line":2,"column":2},"end":{"line":2,"column":42}},{"start":{},"end":{}}],"line":2},"1":{"loc":{"start":{"line":2,"column":6},"end":{"line":2,"column":28}},"type":"binary-expr","locations":[{"start":{"line":2,"column":6},"end":{"line":2,"column":10}},{"start":{"line":2,"column":14},"end":{"line":2,"column":28}}],"line":2},"2":{"loc":{"start":{"line":98,"column":9},"end":{"line":98,"column":25}},"type":"binary-expr","locations":[{"start":{"line":98,"column":9},"end":{"line":98,"column":17}},{"start":{"line":98,"column":21},"end":{"line":98,"column":25}}],"line":98}},"s":{"0":0,"1":0,"2":0,"3":0,"4":0,"5":0},"f":{"0":0},"b":{"0":[0,0],"1":[0,0],"2":[0,0]}}
,"C:\\Users\\joshu\\OneDrive\\Documents\\SNHU 2957496\\PortfolioProjects\\TowingProject\\backend\\src\\utils\\loadBrandData.js": {"path":"C:\\Users\\joshu\\OneDrive\\Documents\\SNHU 2957496\\PortfolioProjects\\TowingProject\\backend\\src\\utils\\loadBrandData.js","statementMap":{"0":{"start":{"line":1,"column":11},"end":{"line":1,"column":33}},"1":{"start":{"line":2,"column":13},"end":{"line":2,"column":28}},"2":{"start":{"line":5,"column":18},"end":{"line":5,"column":27}},"3":{"start":{"line":8,"column":2},"end":{"line":10,"column":3}},"4":{"start":{"line":9,"column":4},"end":{"line":9,"column":57}},"5":{"start":{"line":13,"column":2},"end":{"line":16,"column":3}},"6":{"start":{"line":14,"column":4},"end":{"line":14,"column":54}},"7":{"start":{"line":15,"column":4},"end":{"line":15,"column":32}},"8":{"start":{"line":18,"column":19},"end":{"line":18,"column":67}},"9":{"start":{"line":20,"column":2},"end":{"line":39,"column":3}},"10":{"start":{"line":22,"column":4},"end":{"line":22,"column":30}},"11":{"start":{"line":25,"column":16},"end":{"line":25,"column":51}},"12":{"start":{"line":26,"column":17},"end":{"line":26,"column":32}},"13":{"start":{"line":29,"column":4},"end":{"line":29,"column":31}},"14":{"start":{"line":30,"column":4},"end":{"line":30,"column":59}},"15":{"start":{"line":32,"column":4},"end":{"line":32,"column":16}},"16":{"start":{"line":34,"column":4},"end":{"line":36,"column":5}},"17":{"start":{"line":35,"column":6},"end":{"line":35,"column":63}},"18":{"start":{"line":37,"column":4},"end":{"line":37,"column":68}},"19":{"start":{"line":38,"column":4},"end":{"line":38,"column":52}},"20":{"start":{"line":42,"column":0},"end":{"line":42,"column":31}}},"fnMap":{"0":{"name":"loadBrandData","decl":{"start":{"line":7,"column":15},"end":{"line":7,"column":28}},"loc":{"start":{"line":7,"column":36},"end":{"line":40,"column":1}},"line":7}},"branchMap":{"0":{"loc":{"start":{"line":8,"column":2},"end":{"line":10,"column":3}},"type":"if","locations":[{"start":{"line":8,"column":2},"end":{"line":10,"column":3}},{"start":{},"end":{}}],"line":8},"1":{"loc":{"start":{"line":13,"column":2},"end":{"line":16,"column":3}},"type":"if","locations":[{"start":{"line":13,"column":2},"end":{"line":16,"column":3}},{"start":{},"end":{}}],"line":13},"2":{"loc":{"start":{"line":34,"column":4},"end":{"line":36,"column":5}},"type":"if","locations":[{"start":{"line":34,"column":4},"end":{"line":36,"column":5}},{"start":{},"end":{}}],"line":34}},"s":{"0":0,"1":0,"2":0,"3":0,"4":0,"5":0,"6":0,"7":0,"8":0,"9":0,"10":0,"11":0,"12":0,"13":0,"14":0,"15":0,"16":0,"17":0,"18":0,"19":0,"20":0},"f":{"0":0},"b":{"0":[0,0],"1":[0,0],"2":[0,0]}}
,"C:\\Users\\joshu\\OneDrive\\Documents\\SNHU 2957496\\PortfolioProjects\\TowingProject\\backend\\src\\utils\\matchTowing.js": {"path":"C:\\Users\\joshu\\OneDrive\\Documents\\SNHU 2957496\\PortfolioProjects\\TowingProject\\backend\\src\\utils\\matchTowing.js","statementMap":{"0":{"start":{"line":2,"column":18},"end":{"line":2,"column":20}},"1":{"start":{"line":4,"column":2},"end":{"line":50,"column":5}},"2":{"start":{"line":6,"column":4},"end":{"line":6,"column":44}},"3":{"start":{"line":6,"column":37},"end":{"line":6,"column":44}},"4":{"start":{"line":7,"column":4},"end":{"line":8,"column":13}},"5":{"start":{"line":8,"column":6},"end":{"line":8,"column":13}},"6":{"start":{"line":9,"column":4},"end":{"line":10,"column":13}},"7":{"start":{"line":10,"column":6},"end":{"line":10,"column":13}},"8":{"start":{"line":13,"column":4},"end":{"line":19,"column":5}},"9":{"start":{"line":18,"column":6},"end":{"line":18,"column":13}},"10":{"start":{"line":22,"column":4},"end":{"line":28,"column":5}},"11":{"start":{"line":27,"column":6},"end":{"line":27,"column":13}},"12":{"start":{"line":31,"column":4},"end":{"line":37,"column":5}},"13":{"start":{"line":36,"column":6},"end":{"line":36,"column":13}},"14":{"start":{"line":40,"column":4},"end":{"line":46,"column":5}},"15":{"start":{"line":45,"column":6},"end":{"line":45,"column":13}},"16":{"start":{"line":49,"column":4},"end":{"line":49,"column":24}},"17":{"start":{"line":52,"column":2},"end":{"line":52,"column":17}},"18":{"start":{"line":55,"column":0},"end":{"line":55,"column":29}}},"fnMap":{"0":{"name":"matchTowing","decl":{"start":{"line":1,"column":9},"end":{"line":1,"column":20}},"loc":{"start":{"line":1,"column":42},"end":{"line":53,"column":1}},"line":1},"1":{"name":"(anonymous_1)","decl":{"start":{"line":4,"column":21},"end":{"line":4,"column":22}},"loc":{"start":{"line":4,"column":32},"end":{"line":50,"column":3}},"line":4}},"branchMap":{"0":{"loc":{"start":{"line":6,"column":4},"end":{"line":6,"column":44}},"type":"if","locations":[{"start":{"line":6,"column":4},"end":{"line":6,"column":44}},{"start":{},"end":{}}],"line":6},"1":{"loc":{"start":{"line":7,"column":4},"end":{"line":8,"column":13}},"type":"if","locations":[{"start":{"line":7,"column":4},"end":{"line":8,"column":13}},{"start":{},"end":{}}],"line":7},"2":{"loc":{"start":{"line":7,"column":8},"end":{"line":7,"column":95}},"type":"binary-expr","locations":[{"start":{"line":7,"column":8},"end":{"line":7,"column":21}},{"start":{"line":7,"column":25},"end":{"line":7,"column":36}},{"start":{"line":7,"column":40},"end":{"line":7,"column":95}}],"line":7},"3":{"loc":{"start":{"line":9,"column":4},"end":{"line":10,"column":13}},"type":"if","locations":[{"start":{"line":9,"column":4},"end":{"line":10,"column":13}},{"start":{},"end":{}}],"line":9},"4":{"loc":{"start":{"line":9,"column":8},"end":{"line":9,"column":99}},"type":"binary-expr","locations":[{"start":{"line":9,"column":8},"end":{"line":9,"column":22}},{"start":{"line":9,"column":26},"end":{"line":9,"column":38}},{"start":{"line":9,"column":42},"end":{"line":9,"column":99}}],"line":9},"5":{"loc":{"start":{"line":13,"column":4},"end":{"line":19,"column":5}},"type":"if","locations":[{"start":{"line":13,"column":4},"end":{"line":19,"column":5}},{"start":{},"end":{}}],"line":13},"6":{"loc":{"start":{"line":14,"column":6},"end":{"line":16,"column":87}},"type":"binary-expr","locations":[{"start":{"line":14,"column":6},"end":{"line":14,"column":20}},{"start":{"line":15,"column":6},"end":{"line":15,"column":18}},{"start":{"line":16,"column":6},"end":{"line":16,"column":87}}],"line":14},"7":{"loc":{"start":{"line":22,"column":4},"end":{"line":28,"column":5}},"type":"if","locations":[{"start":{"line":22,"column":4},"end":{"line":28,"column":5}},{"start":{},"end":{}}],"line":22},"8":{"loc":{"start":{"line":23,"column":6},"end":{"line":25,"column":72}},"type":"binary-expr","locations":[{"start":{"line":23,"column":6},"end":{"line":23,"column":20}},{"start":{"line":24,"column":6},"end":{"line":24,"column":18}},{"start":{"line":25,"column":6},"end":{"line":25,"column":72}}],"line":23},"9":{"loc":{"start":{"line":31,"column":4},"end":{"line":37,"column":5}},"type":"if","locations":[{"start":{"line":31,"column":4},"end":{"line":37,"column":5}},{"start":{},"end":{}}],"line":31},"10":{"loc":{"start":{"line":32,"column":6},"end":{"line":34,"column":71}},"type":"binary-expr","locations":[{"start":{"line":32,"column":6},"end":{"line":32,"column":23}},{"start":{"line":33,"column":6},"end":{"line":33,"column":21}},{"start":{"line":34,"column":6},"end":{"line":34,"column":71}}],"line":32},"11":{"loc":{"start":{"line":40,"column":4},"end":{"line":46,"column":5}},"type":"if","locations":[{"start":{"line":40,"column":4},"end":{"line":46,"column":5}},{"start":{},"end":{}}],"line":40},"12":{"loc":{"start":{"line":41,"column":6},"end":{"line":43,"column":67}},"type":"binary-expr","locations":[{"start":{"line":41,"column":6},"end":{"line":41,"column":21}},{"start":{"line":42,"column":6},"end":{"line":42,"column":19}},{"start":{"line":43,"column":6},"end":{"line":43,"column":67}}],"line":41}},"s":{"0":31,"1":31,"2":150,"3":41,"4":109,"5":59,"6":50,"7":4,"8":46,"9":2,"10":44,"11":7,"12":37,"13":3,"14":34,"15":2,"16":32,"17":31,"18":1},"f":{"0":31,"1":150},"b":{"0":[41,109],"1":[59,50],"2":[109,109,109],"3":[4,46],"4":[50,48,48],"5":[2,44],"6":[46,41,41],"7":[7,37],"8":[44,14,14],"9":[3,34],"10":[37,11,11],"11":[2,32],"12":[34,8,8]},"_coverageSchema":"1a1c01bbd47fc00a2c39e90264f33305004495a9","hash":"3e0f4c59c99c8d82a11c4d7451cb0f4830d9a7b3"}
,"C:\\Users\\joshu\\OneDrive\\Documents\\SNHU 2957496\\PortfolioProjects\\TowingProject\\backend\\src\\utils\\supabaseClient.js": {"path":"C:\\Users\\joshu\\OneDrive\\Documents\\SNHU 2957496\\PortfolioProjects\\TowingProject\\backend\\src\\utils\\supabaseClient.js","statementMap":{"0":{"start":{"line":1,"column":25},"end":{"line":1,"column":57}},"1":{"start":{"line":3,"column":17},"end":{"line":3,"column":94}},"2":{"start":{"line":5,"column":0},"end":{"line":5,"column":26}}},"fnMap":{},"branchMap":{},"s":{"0":0,"1":0,"2":0},"f":{},"b":{}}
,"C:\\Users\\joshu\\OneDrive\\Documents\\SNHU 2957496\\PortfolioProjects\\TowingProject\\backend\\src\\utils\\towPackageEngine.js": {"path":"C:\\Users\\joshu\\OneDrive\\Documents\\SNHU 2957496\\PortfolioProjects\\TowingProject\\backend\\src\\utils\\towPackageEngine.js","statementMap":{"0":{"start":{"line":3,"column":24},"end":{"line":3,"column":70}},"1":{"start":{"line":7,"column":26},"end":{"line":7,"column":86}},"2":{"start":{"line":8,"column":21},"end":{"line":8,"column":53}},"3":{"start":{"line":9,"column":2},"end":{"line":9,"column":31}},"4":{"start":{"line":9,"column":19},"end":{"line":9,"column":31}},"5":{"start":{"line":11,"column":20},"end":{"line":11,"column":37}},"6":{"start":{"line":12,"column":2},"end":{"line":12,"column":30}},"7":{"start":{"line":12,"column":18},"end":{"line":12,"column":30}},"8":{"start":{"line":14,"column":2},"end":{"line":14,"column":25}},"9":{"start":{"line":17,"column":0},"end":{"line":17,"column":42}}},"fnMap":{"0":{"name":"getTowPackageOptions","decl":{"start":{"line":5,"column":9},"end":{"line":5,"column":29}},"loc":{"start":{"line":5,"column":54},"end":{"line":15,"column":1}},"line":5}},"branchMap":{"0":{"loc":{"start":{"line":9,"column":2},"end":{"line":9,"column":31}},"type":"if","locations":[{"start":{"line":9,"column":2},"end":{"line":9,"column":31}},{"start":{},"end":{}}],"line":9},"1":{"loc":{"start":{"line":12,"column":2},"end":{"line":12,"column":30}},"type":"if","locations":[{"start":{"line":12,"column":2},"end":{"line":12,"column":30}},{"start":{},"end":{}}],"line":12}},"s":{"0":0,"1":0,"2":0,"3":0,"4":0,"5":0,"6":0,"7":0,"8":0,"9":0},"f":{"0":0},"b":{"0":[0,0],"1":[0,0]}}
,"C:\\Users\\joshu\\OneDrive\\Documents\\SNHU 2957496\\PortfolioProjects\\TowingProject\\backend\\src\\utils\\vinDecoder.js": {"path":"C:\\Users\\joshu\\OneDrive\\Documents\\SNHU 2957496\\PortfolioProjects\\TowingProject\\backend\\src\\utils\\vinDecoder.js","statementMap":{"0":{"start":{"line":1,"column":14},"end":{"line":1,"column":30}},"1":{"start":{"line":4,"column":21},"end":{"line":13,"column":1}},"2":{"start":{"line":19,"column":16},"end":{"line":19,"column":30}},"3":{"start":{"line":22,"column":2},"end":{"line":24,"column":3}},"4":{"start":{"line":23,"column":4},"end":{"line":23,"column":42}},"5":{"start":{"line":27,"column":2},"end":{"line":30,"column":3}},"6":{"start":{"line":28,"column":4},"end":{"line":28,"column":57}},"7":{"start":{"line":28,"column":33},"end":{"line":28,"column":57}},"8":{"start":{"line":29,"column":4},"end":{"line":29,"column":57}},"9":{"start":{"line":29,"column":33},"end":{"line":29,"column":57}},"10":{"start":{"line":33,"column":2},"end":{"line":35,"column":3}},"11":{"start":{"line":34,"column":4},"end":{"line":34,"column":30}},"12":{"start":{"line":36,"column":2},"end":{"line":38,"column":3}},"13":{"start":{"line":37,"column":4},"end":{"line":37,"column":27}},"14":{"start":{"line":41,"column":2},"end":{"line":52,"column":3}},"15":{"start":{"line":42,"column":15},"end":{"line":42,"column":44}},"16":{"start":{"line":43,"column":4},"end":{"line":51,"column":5}},"17":{"start":{"line":44,"column":6},"end":{"line":44,"column":30}},"18":{"start":{"line":45,"column":11},"end":{"line":51,"column":5}},"19":{"start":{"line":46,"column":6},"end":{"line":46,"column":30}},"20":{"start":{"line":47,"column":11},"end":{"line":51,"column":5}},"21":{"start":{"line":48,"column":6},"end":{"line":48,"column":30}},"22":{"start":{"line":49,"column":11},"end":{"line":51,"column":5}},"23":{"start":{"line":50,"column":6},"end":{"line":50,"column":30}},"24":{"start":{"line":55,"column":2},"end":{"line":64,"column":3}},"25":{"start":{"line":56,"column":15},"end":{"line":56,"column":42}},"26":{"start":{"line":57,"column":4},"end":{"line":63,"column":5}},"27":{"start":{"line":58,"column":6},"end":{"line":58,"column":33}},"28":{"start":{"line":59,"column":11},"end":{"line":63,"column":5}},"29":{"start":{"line":60,"column":6},"end":{"line":60,"column":37}},"30":{"start":{"line":61,"column":11},"end":{"line":63,"column":5}},"31":{"start":{"line":62,"column":6},"end":{"line":62,"column":36}},"32":{"start":{"line":67,"column":2},"end":{"line":81,"column":3}},"33":{"start":{"line":68,"column":16},"end":{"line":68,"column":42}},"34":{"start":{"line":69,"column":4},"end":{"line":79,"column":5}},"35":{"start":{"line":70,"column":6},"end":{"line":70,"column":31}},"36":{"start":{"line":71,"column":11},"end":{"line":79,"column":5}},"37":{"start":{"line":72,"column":6},"end":{"line":72,"column":28}},"38":{"start":{"line":73,"column":11},"end":{"line":79,"column":5}},"39":{"start":{"line":74,"column":6},"end":{"line":74,"column":32}},"40":{"start":{"line":75,"column":11},"end":{"line":79,"column":5}},"41":{"start":{"line":76,"column":6},"end":{"line":76,"column":30}},"42":{"start":{"line":77,"column":11},"end":{"line":79,"column":5}},"43":{"start":{"line":78,"column":6},"end":{"line":78,"column":36}},"44":{"start":{"line":84,"column":2},"end":{"line":86,"column":3}},"45":{"start":{"line":85,"column":4},"end":{"line":85,"column":69}},"46":{"start":{"line":88,"column":2},"end":{"line":88,"column":15}},"47":{"start":{"line":95,"column":2},"end":{"line":169,"column":3}},"48":{"start":{"line":96,"column":4},"end":{"line":96,"column":45}},"49":{"start":{"line":98,"column":16},"end":{"line":98,"column":86}},"50":{"start":{"line":101,"column":21},"end":{"line":103,"column":6}},"51":{"start":{"line":105,"column":20},"end":{"line":105,"column":41}},"52":{"start":{"line":107,"column":4},"end":{"line":110,"column":5}},"53":{"start":{"line":108,"column":6},"end":{"line":108,"column":56}},"54":{"start":{"line":109,"column":6},"end":{"line":109,"column":18}},"55":{"start":{"line":112,"column":4},"end":{"line":112,"column":63}},"56":{"start":{"line":115,"column":16},"end":{"line":118,"column":5}},"57":{"start":{"line":116,"column":21},"end":{"line":116,"column":65}},"58":{"start":{"line":116,"column":41},"end":{"line":116,"column":64}},"59":{"start":{"line":117,"column":6},"end":{"line":117,"column":35}},"60":{"start":{"line":121,"column":20},"end":{"line":121,"column":42}},"61":{"start":{"line":122,"column":17},"end":{"line":122,"column":74}},"62":{"start":{"line":125,"column":24},"end":{"line":125,"column":48}},"63":{"start":{"line":126,"column":4},"end":{"line":128,"column":5}},"64":{"start":{"line":127,"column":6},"end":{"line":127,"column":57}},"65":{"start":{"line":130,"column":17},"end":{"line":130,"column":39}},"66":{"start":{"line":131,"column":18},"end":{"line":131,"column":41}},"67":{"start":{"line":132,"column":19},"end":{"line":132,"column":43}},"68":{"start":{"line":133,"column":22},"end":{"line":133,"column":50}},"69":{"start":{"line":134,"column":20},"end":{"line":134,"column":46}},"70":{"start":{"line":135,"column":17},"end":{"line":135,"column":39}},"71":{"start":{"line":136,"column":19},"end":{"line":136,"column":43}},"72":{"start":{"line":139,"column":20},"end":{"line":139,"column":86}},"73":{"start":{"line":139,"column":45},"end":{"line":139,"column":85}},"74":{"start":{"line":141,"column":18},"end":{"line":151,"column":5}},"75":{"start":{"line":154,"column":4},"end":{"line":154,"column":46}},"76":{"start":{"line":156,"column":4},"end":{"line":156,"column":46}},"77":{"start":{"line":158,"column":4},"end":{"line":158,"column":19}},"78":{"start":{"line":161,"column":4},"end":{"line":167,"column":5}},"79":{"start":{"line":162,"column":6},"end":{"line":162,"column":68}},"80":{"start":{"line":163,"column":11},"end":{"line":167,"column":5}},"81":{"start":{"line":164,"column":6},"end":{"line":164,"column":89}},"82":{"start":{"line":166,"column":6},"end":{"line":166,"column":56}},"83":{"start":{"line":168,"column":4},"end":{"line":168,"column":16}},"84":{"start":{"line":172,"column":0},"end":{"line":172,"column":27}}},"fnMap":{"0":{"name":"normalizeDecodedFields","decl":{"start":{"line":18,"column":9},"end":{"line":18,"column":31}},"loc":{"start":{"line":18,"column":41},"end":{"line":89,"column":1}},"line":18},"1":{"name":"decodeVin","decl":{"start":{"line":94,"column":15},"end":{"line":94,"column":24}},"loc":{"start":{"line":94,"column":30},"end":{"line":170,"column":1}},"line":94},"2":{"name":"(anonymous_2)","decl":{"start":{"line":115,"column":16},"end":{"line":115,"column":17}},"loc":{"start":{"line":115,"column":30},"end":{"line":118,"column":5}},"line":115},"3":{"name":"(anonymous_3)","decl":{"start":{"line":116,"column":34},"end":{"line":116,"column":35}},"loc":{"start":{"line":116,"column":41},"end":{"line":116,"column":64}},"line":116},"4":{"name":"(anonymous_4)","decl":{"start":{"line":139,"column":35},"end":{"line":139,"column":36}},"loc":{"start":{"line":139,"column":45},"end":{"line":139,"column":85}},"line":139}},"branchMap":{"0":{"loc":{"start":{"line":22,"column":2},"end":{"line":24,"column":3}},"type":"if","locations":[{"start":{"line":22,"column":2},"end":{"line":24,"column":3}},{"start":{},"end":{}}],"line":22},"1":{"loc":{"start":{"line":27,"column":2},"end":{"line":30,"column":3}},"type":"if","locations":[{"start":{"line":27,"column":2},"end":{"line":30,"column":3}},{"start":{},"end":{}}],"line":27},"2":{"loc":{"start":{"line":27,"column":6},"end":{"line":27,"column":56}},"type":"binary-expr","locations":[{"start":{"line":27,"column":6},"end":{"line":27,"column":32}},{"start":{"line":27,"column":36},"end":{"line":27,"column":56}}],"line":27},"3":{"loc":{"start":{"line":28,"column":4},"end":{"line":28,"column":57}},"type":"if","locations":[{"start":{"line":28,"column":4},"end":{"line":28,"column":57}},{"start":{},"end":{}}],"line":28},"4":{"loc":{"start":{"line":29,"column":4},"end":{"line":29,"column":57}},"type":"if","locations":[{"start":{"line":29,"column":4},"end":{"line":29,"column":57}},{"start":{},"end":{}}],"line":29},"5":{"loc":{"start":{"line":33,"column":2},"end":{"line":35,"column":3}},"type":"if","locations":[{"start":{"line":33,"column":2},"end":{"line":35,"column":3}},{"start":{},"end":{}}],"line":33},"6":{"loc":{"start":{"line":33,"column":6},"end":{"line":33,"column":63}},"type":"binary-expr","locations":[{"start":{"line":33,"column":6},"end":{"line":33,"column":32}},{"start":{"line":33,"column":36},"end":{"line":33,"column":63}}],"line":33},"7":{"loc":{"start":{"line":36,"column":2},"end":{"line":38,"column":3}},"type":"if","locations":[{"start":{"line":36,"column":2},"end":{"line":38,"column":3}},{"start":{},"end":{}}],"line":36},"8":{"loc":{"start":{"line":36,"column":6},"end":{"line":36,"column":54}},"type":"binary-expr","locations":[{"start":{"line":36,"column":6},"end":{"line":36,"column":26}},{"start":{"line":36,"column":30},"end":{"line":36,"column":54}}],"line":36},"9":{"loc":{"start":{"line":41,"column":2},"end":{"line":52,"column":3}},"type":"if","locations":[{"start":{"line":41,"column":2},"end":{"line":52,"column":3}},{"start":{},"end":{}}],"line":41},"10":{"loc":{"start":{"line":41,"column":6},"end":{"line":41,"column":60}},"type":"binary-expr","locations":[{"start":{"line":41,"column":6},"end":{"line":41,"column":21}},{"start":{"line":41,"column":25},"end":{"line":41,"column":60}}],"line":41},"11":{"loc":{"start":{"line":43,"column":4},"end":{"line":51,"column":5}},"type":"if","locations":[{"start":{"line":43,"column":4},"end":{"line":51,"column":5}},{"start":{"line":45,"column":11},"end":{"line":51,"column":5}}],"line":43},"12":{"loc":{"start":{"line":43,"column":8},"end":{"line":43,"column":48}},"type":"binary-expr","locations":[{"start":{"line":43,"column":8},"end":{"line":43,"column":26}},{"start":{"line":43,"column":30},"end":{"line":43,"column":48}}],"line":43},"13":{"loc":{"start":{"line":45,"column":11},"end":{"line":51,"column":5}},"type":"if","locations":[{"start":{"line":45,"column":11},"end":{"line":51,"column":5}},{"start":{"line":47,"column":11},"end":{"line":51,"column":5}}],"line":45},"14":{"loc":{"start":{"line":45,"column":15},"end":{"line":45,"column":56}},"type":"binary-expr","locations":[{"start":{"line":45,"column":15},"end":{"line":45,"column":33}},{"start":{"line":45,"column":37},"end":{"line":45,"column":56}}],"line":45},"15":{"loc":{"start":{"line":47,"column":11},"end":{"line":51,"column":5}},"type":"if","locations":[{"start":{"line":47,"column":11},"end":{"line":51,"column":5}},{"start":{"line":49,"column":11},"end":{"line":51,"column":5}}],"line":47},"16":{"loc":{"start":{"line":47,"column":15},"end":{"line":47,"column":57}},"type":"binary-expr","locations":[{"start":{"line":47,"column":15},"end":{"line":47,"column":33}},{"start":{"line":47,"column":37},"end":{"line":47,"column":57}}],"line":47},"17":{"loc":{"start":{"line":49,"column":11},"end":{"line":51,"column":5}},"type":"if","locations":[{"start":{"line":49,"column":11},"end":{"line":51,"column":5}},{"start":{},"end":{}}],"line":49},"18":{"loc":{"start":{"line":49,"column":15},"end":{"line":49,"column":55}},"type":"binary-expr","locations":[{"start":{"line":49,"column":15},"end":{"line":49,"column":33}},{"start":{"line":49,"column":37},"end":{"line":49,"column":55}}],"line":49},"19":{"loc":{"start":{"line":55,"column":2},"end":{"line":64,"column":3}},"type":"if","locations":[{"start":{"line":55,"column":2},"end":{"line":64,"column":3}},{"start":{},"end":{}}],"line":55},"20":{"loc":{"start":{"line":55,"column":6},"end":{"line":55,"column":56}},"type":"binary-expr","locations":[{"start":{"line":55,"column":6},"end":{"line":55,"column":19}},{"start":{"line":55,"column":23},"end":{"line":55,"column":56}}],"line":55},"21":{"loc":{"start":{"line":57,"column":4},"end":{"line":63,"column":5}},"type":"if","locations":[{"start":{"line":57,"column":4},"end":{"line":63,"column":5}},{"start":{"line":59,"column":11},"end":{"line":63,"column":5}}],"line":57},"22":{"loc":{"start":{"line":59,"column":11},"end":{"line":63,"column":5}},"type":"if","locations":[{"start":{"line":59,"column":11},"end":{"line":63,"column":5}},{"start":{"line":61,"column":11},"end":{"line":63,"column":5}}],"line":59},"23":{"loc":{"start":{"line":59,"column":15},"end":{"line":59,"column":91}},"type":"binary-expr","locations":[{"start":{"line":59,"column":15},"end":{"line":59,"column":38}},{"start":{"line":59,"column":42},"end":{"line":59,"column":66}},{"start":{"line":59,"column":70},"end":{"line":59,"column":91}}],"line":59},"24":{"loc":{"start":{"line":61,"column":11},"end":{"line":63,"column":5}},"type":"if","locations":[{"start":{"line":61,"column":11},"end":{"line":63,"column":5}},{"start":{},"end":{}}],"line":61},"25":{"loc":{"start":{"line":67,"column":2},"end":{"line":81,"column":3}},"type":"if","locations":[{"start":{"line":67,"column":2},"end":{"line":81,"column":3}},{"start":{},"end":{}}],"line":67},"26":{"loc":{"start":{"line":67,"column":6},"end":{"line":67,"column":54}},"type":"binary-expr","locations":[{"start":{"line":67,"column":6},"end":{"line":67,"column":18}},{"start":{"line":67,"column":22},"end":{"line":67,"column":54}}],"line":67},"27":{"loc":{"start":{"line":69,"column":4},"end":{"line":79,"column":5}},"type":"if","locations":[{"start":{"line":69,"column":4},"end":{"line":79,"column":5}},{"start":{"line":71,"column":11},"end":{"line":79,"column":5}}],"line":69},"28":{"loc":{"start":{"line":71,"column":11},"end":{"line":79,"column":5}},"type":"if","locations":[{"start":{"line":71,"column":11},"end":{"line":79,"column":5}},{"start":{"line":73,"column":11},"end":{"line":79,"column":5}}],"line":71},"29":{"loc":{"start":{"line":73,"column":11},"end":{"line":79,"column":5}},"type":"if","locations":[{"start":{"line":73,"column":11},"end":{"line":79,"column":5}},{"start":{"line":75,"column":11},"end":{"line":79,"column":5}}],"line":73},"30":{"loc":{"start":{"line":75,"column":11},"end":{"line":79,"column":5}},"type":"if","locations":[{"start":{"line":75,"column":11},"end":{"line":79,"column":5}},{"start":{"line":77,"column":11},"end":{"line":79,"column":5}}],"line":75},"31":{"loc":{"start":{"line":77,"column":11},"end":{"line":79,"column":5}},"type":"if","locations":[{"start":{"line":77,"column":11},"end":{"line":79,"column":5}},{"start":{},"end":{}}],"line":77},"32":{"loc":{"start":{"line":84,"column":2},"end":{"line":86,"column":3}},"type":"if","locations":[{"start":{"line":84,"column":2},"end":{"line":86,"column":3}},{"start":{},"end":{}}],"line":84},"33":{"loc":{"start":{"line":84,"column":6},"end":{"line":84,"column":50}},"type":"binary-expr","locations":[{"start":{"line":84,"column":6},"end":{"line":84,"column":16}},{"start":{"line":84,"column":20},"end":{"line":84,"column":50}}],"line":84},"34":{"loc":{"start":{"line":107,"column":4},"end":{"line":110,"column":5}},"type":"if","locations":[{"start":{"line":107,"column":4},"end":{"line":110,"column":5}},{"start":{},"end":{}}],"line":107},"35":{"loc":{"start":{"line":107,"column":8},"end":{"line":107,"column":43}},"type":"binary-expr","locations":[{"start":{"line":107,"column":8},"end":{"line":107,"column":16}},{"start":{"line":107,"column":20},"end":{"line":107,"column":43}}],"line":107},"36":{"loc":{"start":{"line":117,"column":13},"end":{"line":117,"column":34}},"type":"binary-expr","locations":[{"start":{"line":117,"column":13},"end":{"line":117,"column":26}},{"start":{"line":117,"column":30},"end":{"line":117,"column":34}}],"line":117},"37":{"loc":{"start":{"line":122,"column":17},"end":{"line":122,"column":74}},"type":"cond-expr","locations":[{"start":{"line":122,"column":46},"end":{"line":122,"column":67}},{"start":{"line":122,"column":70},"end":{"line":122,"column":74}}],"line":122},"38":{"loc":{"start":{"line":122,"column":17},"end":{"line":122,"column":43}},"type":"binary-expr","locations":[{"start":{"line":122,"column":17},"end":{"line":122,"column":24}},{"start":{"line":122,"column":28},"end":{"line":122,"column":43}}],"line":122},"39":{"loc":{"start":{"line":126,"column":4},"end":{"line":128,"column":5}},"type":"if","locations":[{"start":{"line":126,"column":4},"end":{"line":128,"column":5}},{"start":{},"end":{}}],"line":126},"40":{"loc":{"start":{"line":126,"column":8},"end":{"line":126,"column":55}},"type":"binary-expr","locations":[{"start":{"line":126,"column":8},"end":{"line":126,"column":12}},{"start":{"line":126,"column":17},"end":{"line":126,"column":28}},{"start":{"line":126,"column":32},"end":{"line":126,"column":54}}],"line":126},"41":{"loc":{"start":{"line":139,"column":45},"end":{"line":139,"column":85}},"type":"binary-expr","locations":[{"start":{"line":139,"column":45},"end":{"line":139,"column":64}},{"start":{"line":139,"column":68},"end":{"line":139,"column":85}}],"line":139},"42":{"loc":{"start":{"line":161,"column":4},"end":{"line":167,"column":5}},"type":"if","locations":[{"start":{"line":161,"column":4},"end":{"line":167,"column":5}},{"start":{"line":163,"column":11},"end":{"line":167,"column":5}}],"line":161},"43":{"loc":{"start":{"line":163,"column":11},"end":{"line":167,"column":5}},"type":"if","locations":[{"start":{"line":163,"column":11},"end":{"line":167,"column":5}},{"start":{"line":165,"column":11},"end":{"line":167,"column":5}}],"line":163}},"s":{"0":0,"1":0,"2":0,"3":0,"4":0,"5":0,"6":0,"7":0,"8":0,"9":0,"10":0,"11":0,"12":0,"13":0,"14":0,"15":0,"16":0,"17":0,"18":0,"19":0,"20":0,"21":0,"22":0,"23":0,"24":0,"25":0,"26":0,"27":0,"28":0,"29":0,"30":0,"31":0,"32":0,"33":0,"34":0,"35":0,"36":0,"37":0,"38":0,"39":0,"40":0,"41":0,"42":0,"43":0,"44":0,"45":0,"46":0,"47":0,"48":0,"49":0,"50":0,"51":0,"52":0,"53":0,"54":0,"55":0,"56":0,"57":0,"58":0,"59":0,"60":0,"61":0,"62":0,"63":0,"64":0,"65":0,"66":0,"67":0,"68":0,"69":0,"70":0,"71":0,"72":0,"73":0,"74":0,"75":0,"76":0,"77":0,"78":0,"79":0,"80":0,"81":0,"82":0,"83":0,"84":0},"f":{"0":0,"1":0,"2":0,"3":0,"4":0},"b":{"0":[0,0],"1":[0,0],"2":[0,0],"3":[0,0],"4":[0,0],"5":[0,0],"6":[0,0],"7":[0,0],"8":[0,0],"9":[0,0],"10":[0,0],"11":[0,0],"12":[0,0],"13":[0,0],"14":[0,0],"15":[0,0],"16":[0,0],"17":[0,0],"18":[0,0],"19":[0,0],"20":[0,0],"21":[0,0],"22":[0,0],"23":[0,0,0],"24":[0,0],"25":[0,0],"26":[0,0],"27":[0,0],"28":[0,0],"29":[0,0],"30":[0,0],"31":[0,0],"32":[0,0],"33":[0,0],"34":[0,0],"35":[0,0],"36":[0,0],"37":[0,0],"38":[0,0],"39":[0,0],"40":[0,0,0],"41":[0,0],"42":[0,0],"43":[0,0]}}
}
