TN:
SF:src\routes\garageRoutes.js
FN:7,isValidVin
FN:12,(anonymous_1)
FN:46,(anonymous_2)
FN:134,(anonymous_3)
FNF:4
FNH:0
FNDA:0,isValidVin
FNDA:0,(anonymous_1)
FNDA:0,(anonymous_2)
FNDA:0,(anonymous_3)
DA:1,0
DA:2,0
DA:3,0
DA:4,0
DA:5,0
DA:8,0
DA:12,0
DA:13,0
DA:14,0
DA:20,0
DA:21,0
DA:24,0
DA:25,0
DA:28,0
DA:34,0
DA:35,0
DA:36,0
DA:39,0
DA:41,0
DA:42,0
DA:46,0
DA:47,0
DA:48,0
DA:50,0
DA:51,0
DA:54,0
DA:55,0
DA:58,0
DA:60,0
DA:66,0
DA:67,0
DA:71,0
DA:72,0
DA:78,0
DA:84,0
DA:85,0
DA:88,0
DA:90,0
DA:91,0
DA:94,0
DA:99,0
DA:100,0
DA:103,0
DA:104,0
DA:110,0
DA:123,0
DA:124,0
DA:127,0
DA:129,0
DA:130,0
DA:134,0
DA:135,0
DA:137,0
DA:138,0
DA:141,0
DA:142,0
DA:148,0
DA:149,0
DA:152,0
DA:153,0
DA:157,0
DA:164,0
DA:165,0
DA:169,0
DA:170,0
DA:175,0
DA:176,0
DA:179,0
DA:180,0
DA:184,0
DA:190,0
DA:191,0
DA:192,0
DA:195,0
DA:197,0
DA:198,0
DA:202,0
LF:77
LH:0
BRDA:20,0,0,0
BRDA:20,0,1,0
BRDA:20,1,0,0
BRDA:20,1,1,0
BRDA:24,2,0,0
BRDA:24,2,1,0
BRDA:34,3,0,0
BRDA:34,3,1,0
BRDA:50,4,0,0
BRDA:50,4,1,0
BRDA:54,5,0,0
BRDA:54,5,1,0
BRDA:66,6,0,0
BRDA:66,6,1,0
BRDA:66,7,0,0
BRDA:66,7,1,0
BRDA:71,8,0,0
BRDA:71,8,1,0
BRDA:84,9,0,0
BRDA:84,9,1,0
BRDA:84,10,0,0
BRDA:84,10,1,0
BRDA:90,11,0,0
BRDA:90,11,1,0
BRDA:90,12,0,0
BRDA:90,12,1,0
BRDA:90,12,2,0
BRDA:90,12,3,0
BRDA:99,13,0,0
BRDA:99,13,1,0
BRDA:103,14,0,0
BRDA:103,14,1,0
BRDA:103,15,0,0
BRDA:103,15,1,0
BRDA:118,16,0,0
BRDA:118,16,1,0
BRDA:123,17,0,0
BRDA:123,17,1,0
BRDA:137,18,0,0
BRDA:137,18,1,0
BRDA:148,19,0,0
BRDA:148,19,1,0
BRDA:148,20,0,0
BRDA:148,20,1,0
BRDA:152,21,0,0
BRDA:152,21,1,0
BRDA:164,22,0,0
BRDA:164,22,1,0
BRDA:164,23,0,0
BRDA:164,23,1,0
BRDA:169,24,0,0
BRDA:169,24,1,0
BRDA:175,25,0,0
BRDA:175,25,1,0
BRDA:179,26,0,0
BRDA:179,26,1,0
BRDA:179,27,0,0
BRDA:179,27,1,0
BRDA:190,28,0,0
BRDA:190,28,1,0
BRF:60
BRH:0
end_of_record
TN:
SF:src\routes\towingRoutes.js
FN:16,(anonymous_0)
FN:45,isValidVin
FN:56,(anonymous_2)
FN:147,(anonymous_3)
FN:190,(anonymous_4)
FN:191,(anonymous_5)
FNF:6
FNH:0
FNDA:0,(anonymous_0)
FNDA:0,isValidVin
FNDA:0,(anonymous_2)
FNDA:0,(anonymous_3)
FNDA:0,(anonymous_4)
FNDA:0,(anonymous_5)
DA:1,0
DA:2,0
DA:3,0
DA:5,0
DA:6,0
DA:7,0
DA:8,0
DA:9,0
DA:10,0
DA:11,0
DA:16,0
DA:17,0
DA:18,0
DA:20,0
DA:21,0
DA:24,0
DA:25,0
DA:29,0
DA:30,0
DA:31,0
DA:33,0
DA:35,0
DA:37,0
DA:38,0
DA:47,0
DA:56,0
DA:57,0
DA:58,0
DA:60,0
DA:63,0
DA:64,0
DA:70,0
DA:71,0
DA:72,0
DA:74,0
DA:75,0
DA:79,0
DA:80,0
DA:86,0
DA:87,0
DA:88,0
DA:94,0
DA:97,0
DA:104,0
DA:106,0
DA:107,0
DA:113,0
DA:116,0
DA:117,0
DA:118,0
DA:120,0
DA:130,0
DA:136,0
DA:137,0
DA:147,0
DA:148,0
DA:149,0
DA:151,0
DA:154,0
DA:155,0
DA:159,0
DA:160,0
DA:163,0
DA:164,0
DA:167,0
DA:168,0
DA:170,0
DA:171,0
DA:172,0
DA:175,0
DA:177,0
DA:179,0
DA:180,0
DA:187,0
DA:190,0
DA:191,0
DA:193,0
DA:194,0
DA:198,0
DA:200,0
DA:201,0
DA:203,0
DA:207,0
DA:209,0
DA:210,0
DA:218,0
DA:219,0
DA:221,0
DA:227,0
DA:228,0
DA:235,0
LF:91
LH:0
BRDA:18,0,0,0
BRDA:18,0,1,0
BRDA:18,1,0,0
BRDA:18,1,1,0
BRDA:30,2,0,0
BRDA:30,2,1,0
BRDA:30,3,0,0
BRDA:30,3,1,0
BRDA:63,4,0,0
BRDA:63,4,1,0
BRDA:74,5,0,0
BRDA:74,5,1,0
BRDA:79,6,0,0
BRDA:79,6,1,0
BRDA:79,7,0,0
BRDA:79,7,1,0
BRDA:79,7,2,0
BRDA:87,8,0,0
BRDA:87,8,1,0
BRDA:106,9,0,0
BRDA:106,9,1,0
BRDA:106,10,0,0
BRDA:106,10,1,0
BRDA:116,11,0,0
BRDA:116,11,1,0
BRDA:139,12,0,0
BRDA:139,12,1,0
BRDA:154,13,0,0
BRDA:154,13,1,0
BRDA:154,14,0,0
BRDA:154,14,1,0
BRDA:159,15,0,0
BRDA:159,15,1,0
BRDA:159,16,0,0
BRDA:159,16,1,0
BRDA:163,17,0,0
BRDA:163,17,1,0
BRDA:171,18,0,0
BRDA:171,18,1,0
BRDA:179,19,0,0
BRDA:179,19,1,0
BRDA:179,20,0,0
BRDA:179,20,1,0
BRDA:193,21,0,0
BRDA:193,21,1,0
BRDA:193,22,0,0
BRDA:193,22,1,0
BRDA:193,22,2,0
BRDA:193,22,3,0
BRDA:198,23,0,0
BRDA:198,23,1,0
BRDA:209,24,0,0
BRDA:209,24,1,0
BRDA:209,25,0,0
BRDA:209,25,1,0
BRDA:230,26,0,0
BRDA:230,26,1,0
BRF:57
BRH:0
end_of_record
TN:
SF:src\routes\userRoutes.js
FN:12,(anonymous_0)
FN:48,(anonymous_1)
FNF:2
FNH:0
FNDA:0,(anonymous_0)
FNDA:0,(anonymous_1)
DA:1,0
DA:2,0
DA:3,0
DA:4,0
DA:5,0
DA:12,0
DA:13,0
DA:14,0
DA:20,0
DA:21,0
DA:22,0
DA:25,0
DA:26,0
DA:32,0
DA:33,0
DA:34,0
DA:37,0
DA:40,0
DA:42,0
DA:43,0
DA:48,0
DA:49,0
DA:51,0
DA:52,0
DA:55,0
DA:56,0
DA:57,0
DA:59,0
DA:60,0
DA:61,0
DA:62,0
DA:63,0
DA:64,0
DA:65,0
DA:66,0
DA:67,0
DA:70,0
DA:82,0
DA:83,0
DA:84,0
DA:87,0
DA:89,0
DA:90,0
DA:94,0
LF:44
LH:0
BRDA:20,0,0,0
BRDA:20,0,1,0
BRDA:25,1,0,0
BRDA:25,1,1,0
BRDA:32,2,0,0
BRDA:32,2,1,0
BRDA:51,3,0,0
BRDA:51,3,1,0
BRDA:59,4,0,0
BRDA:59,4,1,0
BRDA:62,5,0,0
BRDA:62,5,1,0
BRDA:65,6,0,0
BRDA:65,6,1,0
BRDA:82,7,0,0
BRDA:82,7,1,0
BRF:16
BRH:0
end_of_record
TN:
SF:src\towData\towPackageRules\chevrolet.js
FN:2,(anonymous_0)
FN:40,(anonymous_1)
FN:59,(anonymous_2)
FN:79,(anonymous_3)
FN:85,(anonymous_4)
FN:105,(anonymous_5)
FN:123,(anonymous_6)
FNF:7
FNH:0
FNDA:0,(anonymous_0)
FNDA:0,(anonymous_1)
FNDA:0,(anonymous_2)
FNDA:0,(anonymous_3)
FNDA:0,(anonymous_4)
FNDA:0,(anonymous_5)
FNDA:0,(anonymous_6)
DA:1,0
DA:3,0
DA:25,0
DA:26,0
DA:34,0
DA:40,0
DA:59,0
DA:81,0
DA:85,0
DA:105,0
DA:123,0
DA:142,0
LF:12
LH:0
BRDA:25,0,0,0
BRDA:25,0,1,0
BRF:2
BRH:0
end_of_record
TN:
SF:src\towData\towPackageRules\ford.js
FN:4,(anonymous_0)
FN:28,(anonymous_1)
FN:46,(anonymous_2)
FN:64,(anonymous_3)
FNF:4
FNH:0
FNDA:0,(anonymous_0)
FNDA:0,(anonymous_1)
FNDA:0,(anonymous_2)
FNDA:0,(anonymous_3)
DA:3,0
DA:4,0
DA:28,0
DA:46,0
DA:64,0
DA:83,0
LF:6
LH:0
BRF:0
BRH:0
end_of_record
TN:
SF:src\towData\towPackageRules\gmc.js
FN:4,(anonymous_0)
FN:28,(anonymous_1)
FN:46,(anonymous_2)
FN:64,(anonymous_3)
FNF:4
FNH:0
FNDA:0,(anonymous_0)
FNDA:0,(anonymous_1)
FNDA:0,(anonymous_2)
FNDA:0,(anonymous_3)
DA:3,0
DA:4,0
DA:28,0
DA:46,0
DA:64,0
DA:83,0
LF:6
LH:0
BRF:0
BRH:0
end_of_record
TN:
SF:src\towData\towPackageRules\honda.js
FN:4,(anonymous_0)
FNF:1
FNH:0
FNDA:0,(anonymous_0)
DA:3,0
DA:4,0
DA:23,0
LF:3
LH:0
BRF:0
BRH:0
end_of_record
TN:
SF:src\towData\towPackageRules\index.js
FNF:0
FNH:0
DA:1,0
DA:2,0
DA:3,0
DA:4,0
DA:5,0
DA:6,0
DA:7,0
DA:8,0
DA:10,0
DA:21,0
LF:10
LH:0
BRF:0
BRH:0
end_of_record
TN:
SF:src\towData\towPackageRules\jeep.js
FN:4,(anonymous_0)
FNF:1
FNH:0
FNDA:0,(anonymous_0)
DA:3,0
DA:4,0
DA:23,0
LF:3
LH:0
BRF:0
BRH:0
end_of_record
TN:
SF:src\towData\towPackageRules\nissan.js
FN:4,(anonymous_0)
FN:22,(anonymous_1)
FNF:2
FNH:0
FNDA:0,(anonymous_0)
FNDA:0,(anonymous_1)
DA:3,0
DA:4,0
DA:22,0
DA:41,0
LF:4
LH:0
BRF:0
BRH:0
end_of_record
TN:
SF:src\towData\towPackageRules\ram.js
FN:4,(anonymous_0)
FN:22,(anonymous_1)
FN:40,(anonymous_2)
FNF:3
FNH:0
FNDA:0,(anonymous_0)
FNDA:0,(anonymous_1)
FNDA:0,(anonymous_2)
DA:3,0
DA:4,0
DA:22,0
DA:40,0
DA:59,0
LF:5
LH:0
BRF:0
BRH:0
end_of_record
TN:
SF:src\towData\towPackageRules\toyota.js
FN:4,(anonymous_0)
FN:22,(anonymous_1)
FNF:2
FNH:0
FNDA:0,(anonymous_0)
FNDA:0,(anonymous_1)
DA:3,0
DA:4,0
DA:22,0
DA:41,0
LF:4
LH:0
BRF:0
BRH:0
end_of_record
TN:
SF:src\utils\detectMissingFields.js
FN:1,detectMissingFields
FN:5,(anonymous_1)
FN:12,(anonymous_2)
FN:12,(anonymous_3)
FNF:4
FNH:0
FNDA:0,detectMissingFields
FNDA:0,(anonymous_1)
FNDA:0,(anonymous_2)
FNDA:0,(anonymous_3)
DA:2,0
DA:3,0
DA:5,0
DA:7,0
DA:8,0
DA:11,0
DA:12,0
DA:16,0
DA:17,0
DA:21,0
DA:24,0
LF:11
LH:0
BRDA:1,0,0,0
BRDA:7,1,0,0
BRDA:7,1,1,0
BRDA:12,2,0,0
BRDA:12,2,1,0
BRDA:12,2,2,0
BRDA:16,3,0,0
BRDA:16,3,1,0
BRF:8
BRH:0
end_of_record
TN:
SF:src\utils\extractOptions.js
FN:1,extractOptions
FN:3,(anonymous_1)
FN:6,(anonymous_2)
FN:7,(anonymous_3)
FN:8,(anonymous_4)
FN:9,(anonymous_5)
FN:10,(anonymous_6)
FN:11,(anonymous_7)
FN:12,(anonymous_8)
FNF:9
FNH:0
FNDA:0,extractOptions
FNDA:0,(anonymous_1)
FNDA:0,(anonymous_2)
FNDA:0,(anonymous_3)
FNDA:0,(anonymous_4)
FNDA:0,(anonymous_5)
FNDA:0,(anonymous_6)
FNDA:0,(anonymous_7)
FNDA:0,(anonymous_8)
DA:3,0
DA:5,0
DA:6,0
DA:7,0
DA:8,0
DA:9,0
DA:10,0
DA:11,0
DA:12,0
DA:16,0
LF:10
LH:0
BRF:0
BRH:0
end_of_record
TN:
SF:src\utils\getBrandFromVin.js
FN:1,getBrandFromVin
FNF:1
FNH:0
FNDA:0,getBrandFromVin
DA:2,0
DA:4,0
DA:6,0
DA:98,0
DA:101,0
LF:5
LH:0
BRDA:2,0,0,0
BRDA:2,0,1,0
BRDA:2,1,0,0
BRDA:2,1,1,0
BRDA:98,2,0,0
BRDA:98,2,1,0
BRF:6
BRH:0
end_of_record
TN:
SF:src\utils\loadBrandData.js
FN:7,loadBrandData
FNF:1
FNH:0
FNDA:0,loadBrandData
DA:1,0
DA:2,0
DA:5,0
DA:8,0
DA:9,0
DA:13,0
DA:14,0
DA:15,0
DA:18,0
DA:20,0
DA:22,0
DA:25,0
DA:26,0
DA:29,0
DA:30,0
DA:32,0
DA:34,0
DA:35,0
DA:37,0
DA:38,0
DA:42,0
LF:21
LH:0
BRDA:8,0,0,0
BRDA:8,0,1,0
BRDA:13,1,0,0
BRDA:13,1,1,0
BRDA:34,2,0,0
BRDA:34,2,1,0
BRF:6
BRH:0
end_of_record
TN:
SF:src\utils\matchTowing.js
FN:1,matchTowing
FN:4,(anonymous_1)
FNF:2
FNH:2
FNDA:31,matchTowing
FNDA:150,(anonymous_1)
DA:2,31
DA:4,31
DA:6,150
DA:7,109
DA:8,59
DA:9,50
DA:10,4
DA:13,46
DA:18,2
DA:22,44
DA:27,7
DA:31,37
DA:36,3
DA:40,34
DA:45,2
DA:49,32
DA:52,31
DA:55,1
LF:18
LH:18
BRDA:6,0,0,41
BRDA:6,0,1,109
BRDA:7,1,0,59
BRDA:7,1,1,50
BRDA:7,2,0,109
BRDA:7,2,1,109
BRDA:7,2,2,109
BRDA:9,3,0,4
BRDA:9,3,1,46
BRDA:9,4,0,50
BRDA:9,4,1,48
BRDA:9,4,2,48
BRDA:13,5,0,2
BRDA:13,5,1,44
BRDA:14,6,0,46
BRDA:14,6,1,41
BRDA:14,6,2,41
BRDA:22,7,0,7
BRDA:22,7,1,37
BRDA:23,8,0,44
BRDA:23,8,1,14
BRDA:23,8,2,14
BRDA:31,9,0,3
BRDA:31,9,1,34
BRDA:32,10,0,37
BRDA:32,10,1,11
BRDA:32,10,2,11
BRDA:40,11,0,2
BRDA:40,11,1,32
BRDA:41,12,0,34
BRDA:41,12,1,8
BRDA:41,12,2,8
BRF:32
BRH:32
end_of_record
TN:
SF:src\utils\supabaseClient.js
FNF:0
FNH:0
DA:1,0
DA:3,0
DA:5,0
LF:3
LH:0
BRF:0
BRH:0
end_of_record
TN:
SF:src\utils\towPackageEngine.js
FN:5,getTowPackageOptions
FNF:1
FNH:0
FNDA:0,getTowPackageOptions
DA:3,0
DA:7,0
DA:8,0
DA:9,0
DA:11,0
DA:12,0
DA:14,0
DA:17,0
LF:8
LH:0
BRDA:9,0,0,0
BRDA:9,0,1,0
BRDA:12,1,0,0
BRDA:12,1,1,0
BRF:4
BRH:0
end_of_record
TN:
SF:src\utils\vinDecoder.js
FN:18,normalizeDecodedFields
FN:94,decodeVin
FN:115,(anonymous_2)
FN:116,(anonymous_3)
FN:139,(anonymous_4)
FNF:5
FNH:0
FNDA:0,normalizeDecodedFields
FNDA:0,decodeVin
FNDA:0,(anonymous_2)
FNDA:0,(anonymous_3)
FNDA:0,(anonymous_4)
DA:1,0
DA:4,0
DA:19,0
DA:22,0
DA:23,0
DA:27,0
DA:28,0
DA:29,0
DA:33,0
DA:34,0
DA:36,0
DA:37,0
DA:41,0
DA:42,0
DA:43,0
DA:44,0
DA:45,0
DA:46,0
DA:47,0
DA:48,0
DA:49,0
DA:50,0
DA:55,0
DA:56,0
DA:57,0
DA:58,0
DA:59,0
DA:60,0
DA:61,0
DA:62,0
DA:67,0
DA:68,0
DA:69,0
DA:70,0
DA:71,0
DA:72,0
DA:73,0
DA:74,0
DA:75,0
DA:76,0
DA:77,0
DA:78,0
DA:84,0
DA:85,0
DA:88,0
DA:95,0
DA:96,0
DA:98,0
DA:101,0
DA:105,0
DA:107,0
DA:108,0
DA:109,0
DA:112,0
DA:115,0
DA:116,0
DA:117,0
DA:121,0
DA:122,0
DA:125,0
DA:126,0
DA:127,0
DA:130,0
DA:131,0
DA:132,0
DA:133,0
DA:134,0
DA:135,0
DA:136,0
DA:139,0
DA:141,0
DA:154,0
DA:156,0
DA:158,0
DA:161,0
DA:162,0
DA:163,0
DA:164,0
DA:166,0
DA:168,0
DA:172,0
LF:81
LH:0
BRDA:22,0,0,0
BRDA:22,0,1,0
BRDA:27,1,0,0
BRDA:27,1,1,0
BRDA:27,2,0,0
BRDA:27,2,1,0
BRDA:28,3,0,0
BRDA:28,3,1,0
BRDA:29,4,0,0
BRDA:29,4,1,0
BRDA:33,5,0,0
BRDA:33,5,1,0
BRDA:33,6,0,0
BRDA:33,6,1,0
BRDA:36,7,0,0
BRDA:36,7,1,0
BRDA:36,8,0,0
BRDA:36,8,1,0
BRDA:41,9,0,0
BRDA:41,9,1,0
BRDA:41,10,0,0
BRDA:41,10,1,0
BRDA:43,11,0,0
BRDA:43,11,1,0
BRDA:43,12,0,0
BRDA:43,12,1,0
BRDA:45,13,0,0
BRDA:45,13,1,0
BRDA:45,14,0,0
BRDA:45,14,1,0
BRDA:47,15,0,0
BRDA:47,15,1,0
BRDA:47,16,0,0
BRDA:47,16,1,0
BRDA:49,17,0,0
BRDA:49,17,1,0
BRDA:49,18,0,0
BRDA:49,18,1,0
BRDA:55,19,0,0
BRDA:55,19,1,0
BRDA:55,20,0,0
BRDA:55,20,1,0
BRDA:57,21,0,0
BRDA:57,21,1,0
BRDA:59,22,0,0
BRDA:59,22,1,0
BRDA:59,23,0,0
BRDA:59,23,1,0
BRDA:59,23,2,0
BRDA:61,24,0,0
BRDA:61,24,1,0
BRDA:67,25,0,0
BRDA:67,25,1,0
BRDA:67,26,0,0
BRDA:67,26,1,0
BRDA:69,27,0,0
BRDA:69,27,1,0
BRDA:71,28,0,0
BRDA:71,28,1,0
BRDA:73,29,0,0
BRDA:73,29,1,0
BRDA:75,30,0,0
BRDA:75,30,1,0
BRDA:77,31,0,0
BRDA:77,31,1,0
BRDA:84,32,0,0
BRDA:84,32,1,0
BRDA:84,33,0,0
BRDA:84,33,1,0
BRDA:107,34,0,0
BRDA:107,34,1,0
BRDA:107,35,0,0
BRDA:107,35,1,0
BRDA:117,36,0,0
BRDA:117,36,1,0
BRDA:122,37,0,0
BRDA:122,37,1,0
BRDA:122,38,0,0
BRDA:122,38,1,0
BRDA:126,39,0,0
BRDA:126,39,1,0
BRDA:126,40,0,0
BRDA:126,40,1,0
BRDA:126,40,2,0
BRDA:139,41,0,0
BRDA:139,41,1,0
BRDA:161,42,0,0
BRDA:161,42,1,0
BRDA:163,43,0,0
BRDA:163,43,1,0
BRF:90
BRH:0
end_of_record
